[02-May-2026 10:10:21 UTC] Database Connection Error: SQLSTATE[HY000] [1045] Access denied for user 'root'@'localhost' (using password: NO)
[02-May-2026 10:10:38 UTC] Database Connection Error: SQLSTATE[HY000] [1045] Access denied for user 'root'@'localhost' (using password: NO)
[02-May-2026 10:10:39 UTC] Database Connection Error: SQLSTATE[HY000] [1045] Access denied for user 'root'@'localhost' (using password: NO)
[02-May-2026 10:10:39 UTC] Database Connection Error: SQLSTATE[HY000] [1045] Access denied for user 'root'@'localhost' (using password: NO)
[02-May-2026 10:10:39 UTC] Database Connection Error: SQLSTATE[HY000] [1045] Access denied for user 'root'@'localhost' (using password: NO)
[02-May-2026 10:10:46 UTC] Database Connection Error: SQLSTATE[HY000] [1045] Access denied for user 'root'@'localhost' (using password: NO)
[02-May-2026 10:11:16 UTC] Database Connection Error: SQLSTATE[HY000] [1045] Access denied for user 'root'@'localhost' (using password: NO)
[02-May-2026 10:11:21 UTC] Database Connection Error: SQLSTATE[HY000] [1045] Access denied for user 'root'@'localhost' (using password: NO)
[02-May-2026 10:15:31 UTC] PHP Fatal error:  Cannot redeclare get_current_user() in C:\laragon\www\SHFS\includes\functions.php on line 184
[02-May-2026 10:15:32 UTC] PHP Fatal error:  Cannot redeclare get_current_user() in C:\laragon\www\SHFS\includes\functions.php on line 184
[02-May-2026 10:15:32 UTC] PHP Fatal error:  Cannot redeclare get_current_user() in C:\laragon\www\SHFS\includes\functions.php on line 184
[02-May-2026 10:15:32 UTC] PHP Fatal error:  Cannot redeclare get_current_user() in C:\laragon\www\SHFS\includes\functions.php on line 184
[02-May-2026 10:15:32 UTC] PHP Fatal error:  Cannot redeclare get_current_user() in C:\laragon\www\SHFS\includes\functions.php on line 184
[02-May-2026 10:15:32 UTC] PHP Fatal error:  Cannot redeclare get_current_user() in C:\laragon\www\SHFS\includes\functions.php on line 184
[02-May-2026 10:15:34 UTC] PHP Fatal error:  Cannot redeclare get_current_user() in C:\laragon\www\SHFS\includes\functions.php on line 184
[02-May-2026 10:15:36 UTC] PHP Fatal error:  Cannot redeclare get_current_user() in C:\laragon\www\SHFS\includes\functions.php on line 184
[02-May-2026 10:15:40 UTC] Database Connection Error: SQLSTATE[HY000] [1045] Access denied for user 'root'@'localhost' (using password: NO)
[02-May-2026 10:16:00 UTC] Database Connection Error: SQLSTATE[HY000] [1045] Access denied for user 'root'@'localhost' (using password: NO)
[02-May-2026 10:38:54 UTC] Database Connection Error: SQLSTATE[HY000] [1045] Access denied for user 'root'@'localhost' (using password: NO)
[02-May-2026 10:40:14 UTC] Database Connection Error: SQLSTATE[HY000] [1045] Access denied for user 'root'@'localhost' (using password: NO)
[02-May-2026 10:41:27 UTC] Database Connection Error: SQLSTATE[HY000] [1045] Access denied for user 'root'@'localhost' (using password: NO)
[02-May-2026 10:47:01 UTC] Database Connection Error: SQLSTATE[HY000] [1045] Access denied for user 'root'@'localhost' (using password: NO)
[02-May-2026 10:47:02 UTC] Database Connection Error: SQLSTATE[HY000] [1045] Access denied for user 'root'@'localhost' (using password: NO)
[02-May-2026 10:47:03 UTC] Database Connection Error: SQLSTATE[HY000] [1045] Access denied for user 'root'@'localhost' (using password: NO)
[02-May-2026 10:47:03 UTC] Database Connection Error: SQLSTATE[HY000] [1045] Access denied for user 'root'@'localhost' (using password: NO)
[02-May-2026 10:47:07 UTC] Database Connection Error: SQLSTATE[HY000] [1045] Access denied for user 'root'@'localhost' (using password: NO)
[02-May-2026 10:48:44 UTC] PHP Fatal error:  Cannot redeclare get_current_user() in C:\laragon\www\SHFS\includes\functions.php on line 184
[02-May-2026 11:23:04 UTC] Login error: SQLSTATE[42S22]: Column not found: 1054 Unknown column 'is_active' in 'field list'
[02-May-2026 11:23:26 UTC] Login error: SQLSTATE[42S22]: Column not found: 1054 Unknown column 'is_active' in 'field list'
[02-May-2026 12:59:51 UTC] PHP Fatal error:  Uncaught PDOException: SQLSTATE[42S22]: Column not found: 1054 Unknown column 'is_active' in 'where clause' in C:\laragon\www\SHFS\auth\login.php:26
Stack trace:
#0 C:\laragon\www\SHFS\auth\login.php(26): PDO->prepare('SELECT id, pass...')
#1 {main}
  thrown in C:\laragon\www\SHFS\auth\login.php on line 26
[02-May-2026 13:23:45 UTC] Onboarding completion error: SQLSTATE[42S22]: Column not found: 1054 Unknown column 'first_name' in 'field list'
[02-May-2026 13:28:28 UTC] Recommendation fetch error: SQLSTATE[42S22]: Column not found: 1054 Unknown column 'recommendation_date' in 'where clause'
[02-May-2026 13:28:28 UTC] PHP Warning:  Undefined array key "current_weight_kg" in C:\laragon\www\SHFS\pages\dashboard.php on line 199
[02-May-2026 13:28:28 UTC] PHP Deprecated:  number_format(): Passing null to parameter #1 ($num) of type float is deprecated in C:\laragon\www\SHFS\pages\dashboard.php on line 199
[02-May-2026 13:28:28 UTC] PHP Warning:  Undefined array key "target_weight_kg" in C:\laragon\www\SHFS\pages\dashboard.php on line 203
[02-May-2026 13:28:28 UTC] PHP Deprecated:  number_format(): Passing null to parameter #1 ($num) of type float is deprecated in C:\laragon\www\SHFS\pages\dashboard.php on line 203
[02-May-2026 13:28:28 UTC] PHP Warning:  Undefined array key "current_weight_kg" in C:\laragon\www\SHFS\pages\dashboard.php on line 208
[02-May-2026 13:28:28 UTC] PHP Warning:  Undefined array key "target_weight_kg" in C:\laragon\www\SHFS\pages\dashboard.php on line 208
[02-May-2026 13:28:28 UTC] Notification API error: SQLSTATE[42S02]: Base table or view not found: 1146 Table 'smart_diet_fyp.notifications' doesn't exist
[02-May-2026 13:28:31 UTC] Recommendation fetch error: SQLSTATE[42S22]: Column not found: 1054 Unknown column 'recommendation_date' in 'where clause'
[02-May-2026 13:28:31 UTC] PHP Warning:  Undefined array key "current_weight_kg" in C:\laragon\www\SHFS\pages\dashboard.php on line 199
[02-May-2026 13:28:31 UTC] PHP Deprecated:  number_format(): Passing null to parameter #1 ($num) of type float is deprecated in C:\laragon\www\SHFS\pages\dashboard.php on line 199
[02-May-2026 13:28:31 UTC] PHP Warning:  Undefined array key "target_weight_kg" in C:\laragon\www\SHFS\pages\dashboard.php on line 203
[02-May-2026 13:28:31 UTC] PHP Deprecated:  number_format(): Passing null to parameter #1 ($num) of type float is deprecated in C:\laragon\www\SHFS\pages\dashboard.php on line 203
[02-May-2026 13:28:31 UTC] PHP Warning:  Undefined array key "current_weight_kg" in C:\laragon\www\SHFS\pages\dashboard.php on line 208
[02-May-2026 13:28:31 UTC] PHP Warning:  Undefined array key "target_weight_kg" in C:\laragon\www\SHFS\pages\dashboard.php on line 208
[02-May-2026 13:28:31 UTC] Notification API error: SQLSTATE[42S02]: Base table or view not found: 1146 Table 'smart_diet_fyp.notifications' doesn't exist
[02-May-2026 13:28:31 UTC] Recommendation fetch error: SQLSTATE[42S22]: Column not found: 1054 Unknown column 'recommendation_date' in 'where clause'
[02-May-2026 13:28:31 UTC] PHP Warning:  Undefined array key "current_weight_kg" in C:\laragon\www\SHFS\pages\dashboard.php on line 199
[02-May-2026 13:28:31 UTC] PHP Deprecated:  number_format(): Passing null to parameter #1 ($num) of type float is deprecated in C:\laragon\www\SHFS\pages\dashboard.php on line 199
[02-May-2026 13:28:31 UTC] PHP Warning:  Undefined array key "target_weight_kg" in C:\laragon\www\SHFS\pages\dashboard.php on line 203
[02-May-2026 13:28:31 UTC] PHP Deprecated:  number_format(): Passing null to parameter #1 ($num) of type float is deprecated in C:\laragon\www\SHFS\pages\dashboard.php on line 203
[02-May-2026 13:28:31 UTC] PHP Warning:  Undefined array key "current_weight_kg" in C:\laragon\www\SHFS\pages\dashboard.php on line 208
[02-May-2026 13:28:31 UTC] PHP Warning:  Undefined array key "target_weight_kg" in C:\laragon\www\SHFS\pages\dashboard.php on line 208
[02-May-2026 13:28:31 UTC] Notification API error: SQLSTATE[42S02]: Base table or view not found: 1146 Table 'smart_diet_fyp.notifications' doesn't exist
[02-May-2026 13:28:33 UTC] Recommendation fetch error: SQLSTATE[42S22]: Column not found: 1054 Unknown column 'recommendation_date' in 'where clause'
[02-May-2026 13:28:33 UTC] PHP Warning:  Undefined array key "current_weight_kg" in C:\laragon\www\SHFS\pages\dashboard.php on line 199
[02-May-2026 13:28:33 UTC] PHP Deprecated:  number_format(): Passing null to parameter #1 ($num) of type float is deprecated in C:\laragon\www\SHFS\pages\dashboard.php on line 199
[02-May-2026 13:28:33 UTC] PHP Warning:  Undefined array key "target_weight_kg" in C:\laragon\www\SHFS\pages\dashboard.php on line 203
[02-May-2026 13:28:33 UTC] PHP Deprecated:  number_format(): Passing null to parameter #1 ($num) of type float is deprecated in C:\laragon\www\SHFS\pages\dashboard.php on line 203
[02-May-2026 13:28:33 UTC] PHP Warning:  Undefined array key "current_weight_kg" in C:\laragon\www\SHFS\pages\dashboard.php on line 208
[02-May-2026 13:28:33 UTC] PHP Warning:  Undefined array key "target_weight_kg" in C:\laragon\www\SHFS\pages\dashboard.php on line 208
[02-May-2026 13:28:33 UTC] Notification API error: SQLSTATE[42S02]: Base table or view not found: 1146 Table 'smart_diet_fyp.notifications' doesn't exist
[02-May-2026 13:28:49 UTC] Recommendation fetch error: SQLSTATE[42S22]: Column not found: 1054 Unknown column 'recommendation_date' in 'where clause'
[02-May-2026 13:28:49 UTC] PHP Warning:  Undefined array key "current_weight_kg" in C:\laragon\www\SHFS\pages\dashboard.php on line 199
[02-May-2026 13:28:49 UTC] PHP Deprecated:  number_format(): Passing null to parameter #1 ($num) of type float is deprecated in C:\laragon\www\SHFS\pages\dashboard.php on line 199
[02-May-2026 13:28:49 UTC] PHP Warning:  Undefined array key "target_weight_kg" in C:\laragon\www\SHFS\pages\dashboard.php on line 203
[02-May-2026 13:28:49 UTC] PHP Deprecated:  number_format(): Passing null to parameter #1 ($num) of type float is deprecated in C:\laragon\www\SHFS\pages\dashboard.php on line 203
[02-May-2026 13:28:49 UTC] PHP Warning:  Undefined array key "current_weight_kg" in C:\laragon\www\SHFS\pages\dashboard.php on line 208
[02-May-2026 13:28:49 UTC] PHP Warning:  Undefined array key "target_weight_kg" in C:\laragon\www\SHFS\pages\dashboard.php on line 208
[02-May-2026 13:28:49 UTC] Notification API error: SQLSTATE[42S02]: Base table or view not found: 1146 Table 'smart_diet_fyp.notifications' doesn't exist
[02-May-2026 13:28:51 UTC] Recommendation fetch error: SQLSTATE[42S22]: Column not found: 1054 Unknown column 'recommendation_date' in 'where clause'
[02-May-2026 13:28:51 UTC] PHP Warning:  Undefined array key "current_weight_kg" in C:\laragon\www\SHFS\pages\dashboard.php on line 199
[02-May-2026 13:28:51 UTC] PHP Deprecated:  number_format(): Passing null to parameter #1 ($num) of type float is deprecated in C:\laragon\www\SHFS\pages\dashboard.php on line 199
[02-May-2026 13:28:51 UTC] PHP Warning:  Undefined array key "target_weight_kg" in C:\laragon\www\SHFS\pages\dashboard.php on line 203
[02-May-2026 13:28:51 UTC] PHP Deprecated:  number_format(): Passing null to parameter #1 ($num) of type float is deprecated in C:\laragon\www\SHFS\pages\dashboard.php on line 203
[02-May-2026 13:28:51 UTC] PHP Warning:  Undefined array key "current_weight_kg" in C:\laragon\www\SHFS\pages\dashboard.php on line 208
[02-May-2026 13:28:51 UTC] PHP Warning:  Undefined array key "target_weight_kg" in C:\laragon\www\SHFS\pages\dashboard.php on line 208
[02-May-2026 13:28:51 UTC] Notification API error: SQLSTATE[42S02]: Base table or view not found: 1146 Table 'smart_diet_fyp.notifications' doesn't exist
[02-May-2026 17:28:28 UTC] Onboarding completion error: SQLSTATE[42S22]: Column not found: 1054 Unknown column 'first_name' in 'field list'
[02-May-2026 17:29:03 UTC] Recommendation fetch error: SQLSTATE[42S22]: Column not found: 1054 Unknown column 'recommendation_date' in 'where clause'
[02-May-2026 17:29:03 UTC] PHP Warning:  Undefined array key "current_weight_kg" in C:\laragon\www\SHFS\pages\dashboard.php on line 199
[02-May-2026 17:29:03 UTC] PHP Deprecated:  number_format(): Passing null to parameter #1 ($num) of type float is deprecated in C:\laragon\www\SHFS\pages\dashboard.php on line 199
[02-May-2026 17:29:03 UTC] PHP Warning:  Undefined array key "target_weight_kg" in C:\laragon\www\SHFS\pages\dashboard.php on line 203
[02-May-2026 17:29:03 UTC] PHP Deprecated:  number_format(): Passing null to parameter #1 ($num) of type float is deprecated in C:\laragon\www\SHFS\pages\dashboard.php on line 203
[02-May-2026 17:29:03 UTC] PHP Warning:  Undefined array key "current_weight_kg" in C:\laragon\www\SHFS\pages\dashboard.php on line 208
[02-May-2026 17:29:03 UTC] PHP Warning:  Undefined array key "target_weight_kg" in C:\laragon\www\SHFS\pages\dashboard.php on line 208
[02-May-2026 17:29:03 UTC] Notification API error: SQLSTATE[42S02]: Base table or view not found: 1146 Table 'smart_diet_fyp.notifications' doesn't exist
[03-May-2026 08:48:14 UTC] Signup Error: SQLSTATE[42S22]: Column not found: 1054 Unknown column 'first_name' in 'field list'
[03-May-2026 08:48:19 UTC] Signup Error: SQLSTATE[42S22]: Column not found: 1054 Unknown column 'first_name' in 'field list'
[03-May-2026 08:48:22 UTC] Signup Error: SQLSTATE[42S22]: Column not found: 1054 Unknown column 'first_name' in 'field list'
[03-May-2026 10:29:38 UTC] Signup Error: SQLSTATE[42S22]: Column not found: 1054 Unknown column 'first_name' in 'field list'
[03-May-2026 10:29:45 UTC] Signup Error: SQLSTATE[42S22]: Column not found: 1054 Unknown column 'first_name' in 'field list'
[03-May-2026 10:30:00 UTC] Signup Error: SQLSTATE[42S22]: Column not found: 1054 Unknown column 'first_name' in 'field list'
[03-May-2026 10:30:41 UTC] Signup Error: SQLSTATE[42S22]: Column not found: 1054 Unknown column 'first_name' in 'field list'
[03-May-2026 10:30:44 UTC] Signup Error: SQLSTATE[42S22]: Column not found: 1054 Unknown column 'first_name' in 'field list'
[03-May-2026 10:30:48 UTC] Signup Error: SQLSTATE[42S22]: Column not found: 1054 Unknown column 'first_name' in 'field list'
[03-May-2026 10:50:57 UTC] Signup Error: SQLSTATE[42S22]: Column not found: 1054 Unknown column 'first_name' in 'field list'
[03-May-2026 10:51:48 UTC] Recommendation fetch error: SQLSTATE[42S22]: Column not found: 1054 Unknown column 'recommendation_date' in 'where clause'
[03-May-2026 10:51:48 UTC] PHP Warning:  Undefined array key "current_weight_kg" in C:\laragon\www\SHFS\pages\dashboard.php on line 199
[03-May-2026 10:51:48 UTC] PHP Deprecated:  number_format(): Passing null to parameter #1 ($num) of type float is deprecated in C:\laragon\www\SHFS\pages\dashboard.php on line 199
[03-May-2026 10:51:48 UTC] PHP Warning:  Undefined array key "target_weight_kg" in C:\laragon\www\SHFS\pages\dashboard.php on line 203
[03-May-2026 10:51:48 UTC] PHP Deprecated:  number_format(): Passing null to parameter #1 ($num) of type float is deprecated in C:\laragon\www\SHFS\pages\dashboard.php on line 203
[03-May-2026 10:51:48 UTC] PHP Warning:  Undefined array key "current_weight_kg" in C:\laragon\www\SHFS\pages\dashboard.php on line 208
[03-May-2026 10:51:48 UTC] PHP Warning:  Undefined array key "target_weight_kg" in C:\laragon\www\SHFS\pages\dashboard.php on line 208
[03-May-2026 10:51:48 UTC] Notification API error: SQLSTATE[42S02]: Base table or view not found: 1146 Table 'smart_diet_fyp.notifications' doesn't exist
[03-May-2026 11:17:12 UTC] PHP Fatal error:  Uncaught PDOException: SQLSTATE[42S22]: Column not found: 1054 Unknown column 'first_name' in 'field list' in C:\laragon\www\SHFS\auth\login.php:45
Stack trace:
#0 C:\laragon\www\SHFS\auth\login.php(45): PDO->prepare('SELECT first_na...')
#1 {main}
  thrown in C:\laragon\www\SHFS\auth\login.php on line 45
[03-May-2026 11:21:53 UTC] Recommendation fetch error: SQLSTATE[42S22]: Column not found: 1054 Unknown column 'recommendation_date' in 'where clause'
[03-May-2026 11:21:53 UTC] PHP Warning:  Undefined array key "current_weight_kg" in C:\laragon\www\SHFS\pages\dashboard.php on line 199
[03-May-2026 11:21:53 UTC] PHP Deprecated:  number_format(): Passing null to parameter #1 ($num) of type float is deprecated in C:\laragon\www\SHFS\pages\dashboard.php on line 199
[03-May-2026 11:21:53 UTC] PHP Warning:  Undefined array key "target_weight_kg" in C:\laragon\www\SHFS\pages\dashboard.php on line 203
[03-May-2026 11:21:53 UTC] PHP Deprecated:  number_format(): Passing null to parameter #1 ($num) of type float is deprecated in C:\laragon\www\SHFS\pages\dashboard.php on line 203
[03-May-2026 11:21:53 UTC] PHP Warning:  Undefined array key "current_weight_kg" in C:\laragon\www\SHFS\pages\dashboard.php on line 208
[03-May-2026 11:21:53 UTC] PHP Warning:  Undefined array key "target_weight_kg" in C:\laragon\www\SHFS\pages\dashboard.php on line 208
[03-May-2026 11:21:53 UTC] Notification API error: SQLSTATE[42S02]: Base table or view not found: 1146 Table 'smart_diet_fyp.notifications' doesn't exist
[03-May-2026 11:21:57 UTC] Recommendation fetch error: SQLSTATE[42S22]: Column not found: 1054 Unknown column 'recommendation_date' in 'where clause'
[03-May-2026 11:21:57 UTC] PHP Warning:  Undefined array key "current_weight_kg" in C:\laragon\www\SHFS\pages\dashboard.php on line 199
[03-May-2026 11:21:57 UTC] PHP Deprecated:  number_format(): Passing null to parameter #1 ($num) of type float is deprecated in C:\laragon\www\SHFS\pages\dashboard.php on line 199
[03-May-2026 11:21:57 UTC] PHP Warning:  Undefined array key "target_weight_kg" in C:\laragon\www\SHFS\pages\dashboard.php on line 203
[03-May-2026 11:21:57 UTC] PHP Deprecated:  number_format(): Passing null to parameter #1 ($num) of type float is deprecated in C:\laragon\www\SHFS\pages\dashboard.php on line 203
[03-May-2026 11:21:57 UTC] PHP Warning:  Undefined array key "current_weight_kg" in C:\laragon\www\SHFS\pages\dashboard.php on line 208
[03-May-2026 11:21:57 UTC] PHP Warning:  Undefined array key "target_weight_kg" in C:\laragon\www\SHFS\pages\dashboard.php on line 208
[03-May-2026 11:21:58 UTC] Notification API error: SQLSTATE[42S02]: Base table or view not found: 1146 Table 'smart_diet_fyp.notifications' doesn't exist
[03-May-2026 11:22:15 UTC] Signup Error: SQLSTATE[42S22]: Column not found: 1054 Unknown column 'first_name' in 'field list'
[03-May-2026 11:36:41 UTC] Signup Error: SQLSTATE[42S22]: Column not found: 1054 Unknown column 'first_name' in 'field list'
[03-May-2026 11:36:45 UTC] Signup Error: SQLSTATE[42S22]: Column not found: 1054 Unknown column 'first_name' in 'field list'
[03-May-2026 11:41:44 UTC] Recommendation fetch error: SQLSTATE[42S22]: Column not found: 1054 Unknown column 'recommendation_date' in 'where clause'
[03-May-2026 11:41:44 UTC] PHP Warning:  Undefined array key "current_weight_kg" in C:\laragon\www\SHFS\pages\dashboard.php on line 199
[03-May-2026 11:41:44 UTC] PHP Deprecated:  number_format(): Passing null to parameter #1 ($num) of type float is deprecated in C:\laragon\www\SHFS\pages\dashboard.php on line 199
[03-May-2026 11:41:44 UTC] PHP Warning:  Undefined array key "target_weight_kg" in C:\laragon\www\SHFS\pages\dashboard.php on line 203
[03-May-2026 11:41:44 UTC] PHP Deprecated:  number_format(): Passing null to parameter #1 ($num) of type float is deprecated in C:\laragon\www\SHFS\pages\dashboard.php on line 203
[03-May-2026 11:41:44 UTC] PHP Warning:  Undefined array key "current_weight_kg" in C:\laragon\www\SHFS\pages\dashboard.php on line 208
[03-May-2026 11:41:44 UTC] PHP Warning:  Undefined array key "target_weight_kg" in C:\laragon\www\SHFS\pages\dashboard.php on line 208
[03-May-2026 11:41:44 UTC] Notification API error: SQLSTATE[42S02]: Base table or view not found: 1146 Table 'smart_diet_fyp.notifications' doesn't exist
[03-May-2026 11:42:00 UTC] Signup Error: Email already registered. Please sign in.
[03-May-2026 11:42:05 UTC] Recommendation fetch error: SQLSTATE[42S22]: Column not found: 1054 Unknown column 'recommendation_date' in 'where clause'
[03-May-2026 11:42:05 UTC] PHP Warning:  Undefined array key "current_weight_kg" in C:\laragon\www\SHFS\pages\dashboard.php on line 199
[03-May-2026 11:42:05 UTC] PHP Deprecated:  number_format(): Passing null to parameter #1 ($num) of type float is deprecated in C:\laragon\www\SHFS\pages\dashboard.php on line 199
[03-May-2026 11:42:05 UTC] PHP Warning:  Undefined array key "target_weight_kg" in C:\laragon\www\SHFS\pages\dashboard.php on line 203
[03-May-2026 11:42:05 UTC] PHP Deprecated:  number_format(): Passing null to parameter #1 ($num) of type float is deprecated in C:\laragon\www\SHFS\pages\dashboard.php on line 203
[03-May-2026 11:42:05 UTC] PHP Warning:  Undefined array key "current_weight_kg" in C:\laragon\www\SHFS\pages\dashboard.php on line 208
[03-May-2026 11:42:05 UTC] PHP Warning:  Undefined array key "target_weight_kg" in C:\laragon\www\SHFS\pages\dashboard.php on line 208
[03-May-2026 11:42:05 UTC] Notification API error: SQLSTATE[42S02]: Base table or view not found: 1146 Table 'smart_diet_fyp.notifications' doesn't exist
[03-May-2026 11:43:34 UTC] Onboarding completion error: SQLSTATE[42S22]: Column not found: 1054 Unknown column 'first_name' in 'field list'
[03-May-2026 11:46:20 UTC] Recommendation fetch error: SQLSTATE[42S22]: Column not found: 1054 Unknown column 'recommendation_date' in 'where clause'
[03-May-2026 11:46:20 UTC] PHP Warning:  Undefined array key "current_weight_kg" in C:\laragon\www\SHFS\pages\dashboard.php on line 199
[03-May-2026 11:46:20 UTC] PHP Deprecated:  number_format(): Passing null to parameter #1 ($num) of type float is deprecated in C:\laragon\www\SHFS\pages\dashboard.php on line 199
[03-May-2026 11:46:20 UTC] PHP Warning:  Undefined array key "target_weight_kg" in C:\laragon\www\SHFS\pages\dashboard.php on line 203
[03-May-2026 11:46:20 UTC] PHP Deprecated:  number_format(): Passing null to parameter #1 ($num) of type float is deprecated in C:\laragon\www\SHFS\pages\dashboard.php on line 203
[03-May-2026 11:46:20 UTC] PHP Warning:  Undefined array key "current_weight_kg" in C:\laragon\www\SHFS\pages\dashboard.php on line 208
[03-May-2026 11:46:20 UTC] PHP Warning:  Undefined array key "target_weight_kg" in C:\laragon\www\SHFS\pages\dashboard.php on line 208
[03-May-2026 11:46:20 UTC] Notification API error: SQLSTATE[42S02]: Base table or view not found: 1146 Table 'smart_diet_fyp.notifications' doesn't exist
[03-May-2026 11:46:26 UTC] Recommendation fetch error: SQLSTATE[42S22]: Column not found: 1054 Unknown column 'recommendation_date' in 'where clause'
[03-May-2026 11:46:26 UTC] PHP Warning:  Undefined array key "current_weight_kg" in C:\laragon\www\SHFS\pages\dashboard.php on line 199
[03-May-2026 11:46:26 UTC] PHP Deprecated:  number_format(): Passing null to parameter #1 ($num) of type float is deprecated in C:\laragon\www\SHFS\pages\dashboard.php on line 199
[03-May-2026 11:46:26 UTC] PHP Warning:  Undefined array key "target_weight_kg" in C:\laragon\www\SHFS\pages\dashboard.php on line 203
[03-May-2026 11:46:26 UTC] PHP Deprecated:  number_format(): Passing null to parameter #1 ($num) of type float is deprecated in C:\laragon\www\SHFS\pages\dashboard.php on line 203
[03-May-2026 11:46:26 UTC] PHP Warning:  Undefined array key "current_weight_kg" in C:\laragon\www\SHFS\pages\dashboard.php on line 208
[03-May-2026 11:46:26 UTC] PHP Warning:  Undefined array key "target_weight_kg" in C:\laragon\www\SHFS\pages\dashboard.php on line 208
[03-May-2026 11:46:27 UTC] Notification API error: SQLSTATE[42S02]: Base table or view not found: 1146 Table 'smart_diet_fyp.notifications' doesn't exist
[03-May-2026 13:20:34 UTC] Onboarding Step 3 Error: SQLSTATE[42S22]: Column not found: 1054 Unknown column 'first_name' in 'field list'
[03-May-2026 13:58:25 UTC] Recommendation fetch error: SQLSTATE[42S22]: Column not found: 1054 Unknown column 'recommendation_date' in 'where clause'
[03-May-2026 13:58:25 UTC] PHP Warning:  Undefined array key "current_weight_kg" in C:\laragon\www\SHFS\pages\dashboard.php on line 199
[03-May-2026 13:58:25 UTC] PHP Deprecated:  number_format(): Passing null to parameter #1 ($num) of type float is deprecated in C:\laragon\www\SHFS\pages\dashboard.php on line 199
[03-May-2026 13:58:25 UTC] PHP Warning:  Undefined array key "target_weight_kg" in C:\laragon\www\SHFS\pages\dashboard.php on line 203
[03-May-2026 13:58:25 UTC] PHP Deprecated:  number_format(): Passing null to parameter #1 ($num) of type float is deprecated in C:\laragon\www\SHFS\pages\dashboard.php on line 203
[03-May-2026 13:58:25 UTC] PHP Warning:  Undefined array key "current_weight_kg" in C:\laragon\www\SHFS\pages\dashboard.php on line 208
[03-May-2026 13:58:25 UTC] PHP Warning:  Undefined array key "target_weight_kg" in C:\laragon\www\SHFS\pages\dashboard.php on line 208
[03-May-2026 13:58:25 UTC] Notification API error: SQLSTATE[42S02]: Base table or view not found: 1146 Table 'smart_diet_fyp.notifications' doesn't exist
[03-May-2026 13:58:26 UTC] Recommendation fetch error: SQLSTATE[42S22]: Column not found: 1054 Unknown column 'recommendation_date' in 'where clause'
[03-May-2026 13:58:26 UTC] PHP Warning:  Undefined array key "current_weight_kg" in C:\laragon\www\SHFS\pages\dashboard.php on line 199
[03-May-2026 13:58:26 UTC] PHP Deprecated:  number_format(): Passing null to parameter #1 ($num) of type float is deprecated in C:\laragon\www\SHFS\pages\dashboard.php on line 199
[03-May-2026 13:58:26 UTC] PHP Warning:  Undefined array key "target_weight_kg" in C:\laragon\www\SHFS\pages\dashboard.php on line 203
[03-May-2026 13:58:26 UTC] PHP Deprecated:  number_format(): Passing null to parameter #1 ($num) of type float is deprecated in C:\laragon\www\SHFS\pages\dashboard.php on line 203
[03-May-2026 13:58:26 UTC] PHP Warning:  Undefined array key "current_weight_kg" in C:\laragon\www\SHFS\pages\dashboard.php on line 208
[03-May-2026 13:58:26 UTC] PHP Warning:  Undefined array key "target_weight_kg" in C:\laragon\www\SHFS\pages\dashboard.php on line 208
[03-May-2026 13:58:26 UTC] Notification API error: SQLSTATE[42S02]: Base table or view not found: 1146 Table 'smart_diet_fyp.notifications' doesn't exist
[03-May-2026 13:59:20 UTC] Onboarding Step 3 Error: SQLSTATE[42S22]: Column not found: 1054 Unknown column 'date_of_birth' in 'field list'
[03-May-2026 14:01:05 UTC] PHP Warning:  Undefined array key "current_weight_kg" in C:\laragon\www\SHFS\onboarding\step3.php on line 154
[03-May-2026 14:01:05 UTC] PHP Warning:  Undefined array key "height_cm" in C:\laragon\www\SHFS\onboarding\step3.php on line 155
[03-May-2026 14:01:05 UTC] PHP Warning:  Undefined array key "fitness_goal" in C:\laragon\www\SHFS\onboarding\step3.php on line 159
[03-May-2026 14:01:05 UTC] PHP Warning:  Undefined array key "fitness_goal" in C:\laragon\www\SHFS\engine\generate_plan.php on line 137
[03-May-2026 14:01:05 UTC] PHP Warning:  Undefined array key "current_weight_kg" in C:\laragon\www\SHFS\engine\generate_plan.php on line 139
[03-May-2026 14:01:05 UTC] Plan generation error: SQLSTATE[42S22]: Column not found: 1054 Unknown column 'recommendation_date' in 'where clause'
[03-May-2026 14:01:05 UTC] Recommendation fetch error: SQLSTATE[42S22]: Column not found: 1054 Unknown column 'recommendation_date' in 'where clause'
[03-May-2026 14:01:05 UTC] PHP Warning:  Undefined array key "current_weight_kg" in C:\laragon\www\SHFS\pages\dashboard.php on line 199
[03-May-2026 14:01:05 UTC] PHP Deprecated:  number_format(): Passing null to parameter #1 ($num) of type float is deprecated in C:\laragon\www\SHFS\pages\dashboard.php on line 199
[03-May-2026 14:01:05 UTC] PHP Warning:  Undefined array key "target_weight_kg" in C:\laragon\www\SHFS\pages\dashboard.php on line 203
[03-May-2026 14:01:05 UTC] PHP Deprecated:  number_format(): Passing null to parameter #1 ($num) of type float is deprecated in C:\laragon\www\SHFS\pages\dashboard.php on line 203
[03-May-2026 14:01:05 UTC] PHP Warning:  Undefined array key "current_weight_kg" in C:\laragon\www\SHFS\pages\dashboard.php on line 208
[03-May-2026 14:01:05 UTC] PHP Warning:  Undefined array key "target_weight_kg" in C:\laragon\www\SHFS\pages\dashboard.php on line 208
[03-May-2026 14:01:05 UTC] Notification API error: SQLSTATE[42S02]: Base table or view not found: 1146 Table 'smart_diet_fyp.notifications' doesn't exist
[03-May-2026 14:01:16 UTC] Recommendation fetch error: SQLSTATE[42S22]: Column not found: 1054 Unknown column 'recommendation_date' in 'where clause'
[03-May-2026 14:01:16 UTC] PHP Warning:  Undefined array key "current_weight_kg" in C:\laragon\www\SHFS\pages\dashboard.php on line 199
[03-May-2026 14:01:16 UTC] PHP Deprecated:  number_format(): Passing null to parameter #1 ($num) of type float is deprecated in C:\laragon\www\SHFS\pages\dashboard.php on line 199
[03-May-2026 14:01:16 UTC] PHP Warning:  Undefined array key "target_weight_kg" in C:\laragon\www\SHFS\pages\dashboard.php on line 203
[03-May-2026 14:01:16 UTC] PHP Deprecated:  number_format(): Passing null to parameter #1 ($num) of type float is deprecated in C:\laragon\www\SHFS\pages\dashboard.php on line 203
[03-May-2026 14:01:16 UTC] PHP Warning:  Undefined array key "current_weight_kg" in C:\laragon\www\SHFS\pages\dashboard.php on line 208
[03-May-2026 14:01:16 UTC] PHP Warning:  Undefined array key "target_weight_kg" in C:\laragon\www\SHFS\pages\dashboard.php on line 208
[03-May-2026 14:01:16 UTC] Notification API error: SQLSTATE[42S02]: Base table or view not found: 1146 Table 'smart_diet_fyp.notifications' doesn't exist
[03-May-2026 14:01:20 UTC] Recommendation fetch error: SQLSTATE[42S22]: Column not found: 1054 Unknown column 'recommendation_date' in 'where clause'
[03-May-2026 14:01:20 UTC] PHP Warning:  Undefined array key "current_weight_kg" in C:\laragon\www\SHFS\pages\dashboard.php on line 199
[03-May-2026 14:01:20 UTC] PHP Deprecated:  number_format(): Passing null to parameter #1 ($num) of type float is deprecated in C:\laragon\www\SHFS\pages\dashboard.php on line 199
[03-May-2026 14:01:20 UTC] PHP Warning:  Undefined array key "target_weight_kg" in C:\laragon\www\SHFS\pages\dashboard.php on line 203
[03-May-2026 14:01:20 UTC] PHP Deprecated:  number_format(): Passing null to parameter #1 ($num) of type float is deprecated in C:\laragon\www\SHFS\pages\dashboard.php on line 203
[03-May-2026 14:01:20 UTC] PHP Warning:  Undefined array key "current_weight_kg" in C:\laragon\www\SHFS\pages\dashboard.php on line 208
[03-May-2026 14:01:20 UTC] PHP Warning:  Undefined array key "target_weight_kg" in C:\laragon\www\SHFS\pages\dashboard.php on line 208
[03-May-2026 14:01:20 UTC] Notification API error: SQLSTATE[42S02]: Base table or view not found: 1146 Table 'smart_diet_fyp.notifications' doesn't exist
[03-May-2026 15:22:40 UTC] Recommendation fetch error: SQLSTATE[42S22]: Column not found: 1054 Unknown column 'recommendation_date' in 'where clause'
[03-May-2026 17:39:38 UTC] Recommendation fetch error: SQLSTATE[42S22]: Column not found: 1054 Unknown column 'recommendation_date' in 'where clause'
[03-May-2026 17:39:38 UTC] PHP Warning:  Undefined array key "current_weight_kg" in C:\laragon\www\SHFS\pages\dashboard.php on line 199
[03-May-2026 17:39:38 UTC] PHP Deprecated:  number_format(): Passing null to parameter #1 ($num) of type float is deprecated in C:\laragon\www\SHFS\pages\dashboard.php on line 199
[03-May-2026 17:39:38 UTC] PHP Warning:  Undefined array key "target_weight_kg" in C:\laragon\www\SHFS\pages\dashboard.php on line 203
[03-May-2026 17:39:38 UTC] PHP Deprecated:  number_format(): Passing null to parameter #1 ($num) of type float is deprecated in C:\laragon\www\SHFS\pages\dashboard.php on line 203
[03-May-2026 17:39:38 UTC] PHP Warning:  Undefined array key "current_weight_kg" in C:\laragon\www\SHFS\pages\dashboard.php on line 208
[03-May-2026 17:39:38 UTC] PHP Warning:  Undefined array key "target_weight_kg" in C:\laragon\www\SHFS\pages\dashboard.php on line 208
[03-May-2026 17:39:39 UTC] Notification API error: SQLSTATE[42S02]: Base table or view not found: 1146 Table 'smart_diet_fyp.notifications' doesn't exist
[03-May-2026 18:39:56 UTC] Recommendation fetch error: SQLSTATE[42S22]: Column not found: 1054 Unknown column 'recommendation_date' in 'where clause'
[03-May-2026 18:39:57 UTC] Notification API error: SQLSTATE[42S02]: Base table or view not found: 1146 Table 'smart_diet_fyp.notifications' doesn't exist
[03-May-2026 18:51:21 UTC] Notification API error: SQLSTATE[42S02]: Base table or view not found: 1146 Table 'smart_diet_fyp.notifications' doesn't exist
[04-May-2026 06:11:35 UTC] Notification API error: SQLSTATE[42S02]: Base table or view not found: 1146 Table 'smart_diet_fyp.notifications' doesn't exist
[04-May-2026 06:11:39 UTC] Notification API error: SQLSTATE[42S02]: Base table or view not found: 1146 Table 'smart_diet_fyp.notifications' doesn't exist
[04-May-2026 06:51:49 UTC] Notification API error: SQLSTATE[42S02]: Base table or view not found: 1146 Table 'smart_diet_fyp.notifications' doesn't exist
[04-May-2026 06:51:51 UTC] Notification API error: SQLSTATE[42S02]: Base table or view not found: 1146 Table 'smart_diet_fyp.notifications' doesn't exist
[04-May-2026 06:51:59 UTC] Notification API error: SQLSTATE[42S02]: Base table or view not found: 1146 Table 'smart_diet_fyp.notifications' doesn't exist
[04-May-2026 06:52:02 UTC] Notification API error: SQLSTATE[42S02]: Base table or view not found: 1146 Table 'smart_diet_fyp.notifications' doesn't exist
[04-May-2026 06:52:03 UTC] PHP Fatal error:  Uncaught PDOException: SQLSTATE[42S02]: Base table or view not found: 1146 Table 'smart_diet_fyp.diet_logs' doesn't exist in C:\laragon\www\SHFS\pages\reports.php:16
Stack trace:
#0 C:\laragon\www\SHFS\pages\reports.php(16): PDO->prepare('SELECT SUM(kcal...')
#1 C:\laragon\www\SHFS\pages\reports.php(43): fetch_sums(Object(PDO), 23, 30)
#2 {main}
  thrown in C:\laragon\www\SHFS\pages\reports.php on line 16
[04-May-2026 06:52:05 UTC] Notification API error: SQLSTATE[42S02]: Base table or view not found: 1146 Table 'smart_diet_fyp.notifications' doesn't exist
[04-May-2026 07:32:07 UTC] Nutrition recommendation fetch error: SQLSTATE[42S22]: Column not found: 1054 Unknown column 'recommendation_date' in 'where clause'
[04-May-2026 07:32:07 UTC] Notification API error: SQLSTATE[42S02]: Base table or view not found: 1146 Table 'smart_diet_fyp.notifications' doesn't exist
[04-May-2026 07:32:10 UTC] Workouts recommendation fetch error: SQLSTATE[42S22]: Column not found: 1054 Unknown column 'recommendation_date' in 'where clause'
[04-May-2026 07:32:10 UTC] Notification API error: SQLSTATE[42S02]: Base table or view not found: 1146 Table 'smart_diet_fyp.notifications' doesn't exist
[04-May-2026 07:33:04 UTC] Nutrition recommendation fetch error: SQLSTATE[42S22]: Column not found: 1054 Unknown column 'recommendation_date' in 'where clause'
[04-May-2026 07:33:04 UTC] Notification API error: SQLSTATE[42S02]: Base table or view not found: 1146 Table 'smart_diet_fyp.notifications' doesn't exist
[04-May-2026 07:33:06 UTC] Workouts recommendation fetch error: SQLSTATE[42S22]: Column not found: 1054 Unknown column 'recommendation_date' in 'where clause'
[04-May-2026 07:33:06 UTC] Notification API error: SQLSTATE[42S02]: Base table or view not found: 1146 Table 'smart_diet_fyp.notifications' doesn't exist
[04-May-2026 07:34:29 UTC] Notification API error: SQLSTATE[42S02]: Base table or view not found: 1146 Table 'smart_diet_fyp.notifications' doesn't exist
[04-May-2026 07:35:56 UTC] Workouts recommendation fetch error: SQLSTATE[42S22]: Column not found: 1054 Unknown column 'recommendation_date' in 'where clause'
[04-May-2026 07:35:56 UTC] Notification API error: SQLSTATE[42S02]: Base table or view not found: 1146 Table 'smart_diet_fyp.notifications' doesn't exist
[04-May-2026 07:36:32 UTC] Notification API error: SQLSTATE[42S02]: Base table or view not found: 1146 Table 'smart_diet_fyp.notifications' doesn't exist
[04-May-2026 07:36:47 UTC] PHP Fatal error:  Uncaught PDOException: SQLSTATE[42S02]: Base table or view not found: 1146 Table 'smart_diet_fyp.diet_logs' doesn't exist in C:\laragon\www\SHFS\pages\reports.php:16
Stack trace:
#0 C:\laragon\www\SHFS\pages\reports.php(16): PDO->prepare('SELECT SUM(kcal...')
#1 C:\laragon\www\SHFS\pages\reports.php(43): fetch_sums(Object(PDO), 23, 30)
#2 {main}
  thrown in C:\laragon\www\SHFS\pages\reports.php on line 16
[04-May-2026 07:42:21 UTC] Progress profile fetch error: SQLSTATE[42S22]: Column not found: 1054 Unknown column 'pr.goal_type' in 'field list'
[04-May-2026 07:42:21 UTC] Notification API error: SQLSTATE[42S02]: Base table or view not found: 1146 Table 'smart_diet_fyp.notifications' doesn't exist
[04-May-2026 07:42:26 UTC] Notification API error: SQLSTATE[42S02]: Base table or view not found: 1146 Table 'smart_diet_fyp.notifications' doesn't exist
[04-May-2026 07:42:29 UTC] Progress profile fetch error: SQLSTATE[42S22]: Column not found: 1054 Unknown column 'pr.goal_type' in 'field list'
[04-May-2026 07:42:29 UTC] Notification API error: SQLSTATE[42S02]: Base table or view not found: 1146 Table 'smart_diet_fyp.notifications' doesn't exist
[04-May-2026 07:53:21 UTC] Progress profile fetch error: SQLSTATE[42S22]: Column not found: 1054 Unknown column 'pr.goal_type' in 'field list'
[04-May-2026 07:53:21 UTC] Notification API error: SQLSTATE[42S02]: Base table or view not found: 1146 Table 'smart_diet_fyp.notifications' doesn't exist
[04-May-2026 07:53:27 UTC] Progress profile fetch error: SQLSTATE[42S22]: Column not found: 1054 Unknown column 'pr.goal_type' in 'field list'
[04-May-2026 07:53:27 UTC] Notification API error: SQLSTATE[42S02]: Base table or view not found: 1146 Table 'smart_diet_fyp.notifications' doesn't exist
[04-May-2026 07:53:28 UTC] Progress profile fetch error: SQLSTATE[42S22]: Column not found: 1054 Unknown column 'pr.goal_type' in 'field list'
[04-May-2026 07:53:28 UTC] Notification API error: SQLSTATE[42S02]: Base table or view not found: 1146 Table 'smart_diet_fyp.notifications' doesn't exist
[04-May-2026 07:53:30 UTC] Progress profile fetch error: SQLSTATE[42S22]: Column not found: 1054 Unknown column 'pr.goal_type' in 'field list'
[04-May-2026 07:53:30 UTC] Notification API error: SQLSTATE[42S02]: Base table or view not found: 1146 Table 'smart_diet_fyp.notifications' doesn't exist
[04-May-2026 07:53:53 UTC] Workouts recommendation fetch error: SQLSTATE[42S22]: Column not found: 1054 Unknown column 'recommendation_date' in 'where clause'
[04-May-2026 07:53:54 UTC] Notification API error: SQLSTATE[42S02]: Base table or view not found: 1146 Table 'smart_diet_fyp.notifications' doesn't exist
[04-May-2026 07:56:28 UTC] Workouts recommendation fetch error: SQLSTATE[42S22]: Column not found: 1054 Unknown column 'recommendation_date' in 'where clause'
[04-May-2026 07:56:28 UTC] Notification API error: SQLSTATE[42S02]: Base table or view not found: 1146 Table 'smart_diet_fyp.notifications' doesn't exist
[04-May-2026 07:56:31 UTC] Progress profile fetch error: SQLSTATE[42S22]: Column not found: 1054 Unknown column 'pr.goal_type' in 'field list'
[04-May-2026 07:56:31 UTC] Notification API error: SQLSTATE[42S02]: Base table or view not found: 1146 Table 'smart_diet_fyp.notifications' doesn't exist
[04-May-2026 07:56:33 UTC] Notification API error: SQLSTATE[42S02]: Base table or view not found: 1146 Table 'smart_diet_fyp.notifications' doesn't exist
[04-May-2026 07:56:34 UTC] Nutrition recommendation fetch error: SQLSTATE[42S22]: Column not found: 1054 Unknown column 'recommendation_date' in 'where clause'
[04-May-2026 07:56:35 UTC] Notification API error: SQLSTATE[42S02]: Base table or view not found: 1146 Table 'smart_diet_fyp.notifications' doesn't exist
[04-May-2026 07:56:39 UTC] Notification API error: SQLSTATE[42S02]: Base table or view not found: 1146 Table 'smart_diet_fyp.notifications' doesn't exist
[04-May-2026 08:04:11 UTC] Notification API error: SQLSTATE[42S02]: Base table or view not found: 1146 Table 'smart_diet_fyp.notifications' doesn't exist
[04-May-2026 08:04:20 UTC] Progress profile fetch error: SQLSTATE[42S22]: Column not found: 1054 Unknown column 'pr.goal_type' in 'field list'
[04-May-2026 08:04:20 UTC] Notification API error: SQLSTATE[42S02]: Base table or view not found: 1146 Table 'smart_diet_fyp.notifications' doesn't exist
[04-May-2026 08:04:25 UTC] Workouts recommendation fetch error: SQLSTATE[42S22]: Column not found: 1054 Unknown column 'recommendation_date' in 'where clause'
[04-May-2026 08:04:25 UTC] Notification API error: SQLSTATE[42S02]: Base table or view not found: 1146 Table 'smart_diet_fyp.notifications' doesn't exist
[04-May-2026 08:04:31 UTC] Nutrition recommendation fetch error: SQLSTATE[42S22]: Column not found: 1054 Unknown column 'recommendation_date' in 'where clause'
[04-May-2026 08:04:31 UTC] Notification API error: SQLSTATE[42S02]: Base table or view not found: 1146 Table 'smart_diet_fyp.notifications' doesn't exist
[04-May-2026 08:04:39 UTC] Hydration logging error: SQLSTATE[42S02]: Base table or view not found: 1146 Table 'smart_diet_fyp.hydration_logs' doesn't exist
[04-May-2026 08:05:32 UTC] Notification API error: SQLSTATE[42S02]: Base table or view not found: 1146 Table 'smart_diet_fyp.notifications' doesn't exist
[04-May-2026 08:11:42 UTC] Notification API error: SQLSTATE[42S02]: Base table or view not found: 1146 Table 'smart_diet_fyp.notifications' doesn't exist
[04-May-2026 08:43:51 UTC] Progress profile fetch error: SQLSTATE[42S22]: Column not found: 1054 Unknown column 'pr.goal_type' in 'field list'
[04-May-2026 08:43:52 UTC] Notification API error: SQLSTATE[42S02]: Base table or view not found: 1146 Table 'smart_diet_fyp.notifications' doesn't exist
[04-May-2026 08:43:53 UTC] Progress profile fetch error: SQLSTATE[42S22]: Column not found: 1054 Unknown column 'pr.goal_type' in 'field list'
[04-May-2026 08:43:53 UTC] Notification API error: SQLSTATE[42S02]: Base table or view not found: 1146 Table 'smart_diet_fyp.notifications' doesn't exist
[04-May-2026 08:43:58 UTC] Progress profile fetch error: SQLSTATE[42S22]: Column not found: 1054 Unknown column 'pr.goal_type' in 'field list'
[04-May-2026 08:43:58 UTC] Workouts recommendation fetch error: SQLSTATE[42S22]: Column not found: 1054 Unknown column 'recommendation_date' in 'where clause'
[04-May-2026 08:43:58 UTC] Notification API error: SQLSTATE[42S02]: Base table or view not found: 1146 Table 'smart_diet_fyp.notifications' doesn't exist
[04-May-2026 08:44:04 UTC] Nutrition recommendation fetch error: SQLSTATE[42S22]: Column not found: 1054 Unknown column 'recommendation_date' in 'where clause'
[04-May-2026 08:44:04 UTC] Notification API error: SQLSTATE[42S02]: Base table or view not found: 1146 Table 'smart_diet_fyp.notifications' doesn't exist
[04-May-2026 08:44:06 UTC] Workouts recommendation fetch error: SQLSTATE[42S22]: Column not found: 1054 Unknown column 'recommendation_date' in 'where clause'
[04-May-2026 08:44:06 UTC] Notification API error: SQLSTATE[42S02]: Base table or view not found: 1146 Table 'smart_diet_fyp.notifications' doesn't exist
[04-May-2026 08:44:07 UTC] Progress profile fetch error: SQLSTATE[42S22]: Column not found: 1054 Unknown column 'pr.goal_type' in 'field list'
[04-May-2026 08:44:07 UTC] Notification API error: SQLSTATE[42S02]: Base table or view not found: 1146 Table 'smart_diet_fyp.notifications' doesn't exist
[04-May-2026 08:44:08 UTC] Notification API error: SQLSTATE[42S02]: Base table or view not found: 1146 Table 'smart_diet_fyp.notifications' doesn't exist
[04-May-2026 08:44:29 UTC] PHP Fatal error:  Uncaught PDOException: SQLSTATE[42S22]: Column not found: 1054 Unknown column 'is_active' in 'field list' in C:\laragon\www\SHFS\auth\login.php:52
Stack trace:
#0 C:\laragon\www\SHFS\auth\login.php(52): PDO->prepare('SELECT id, pass...')
#1 {main}
  thrown in C:\laragon\www\SHFS\auth\login.php on line 52
[04-May-2026 08:49:49 UTC] PHP Fatal error:  Uncaught PDOException: SQLSTATE[42S22]: Column not found: 1054 Unknown column 'first_name' in 'field list' in C:\laragon\www\SHFS\auth\login.php:67
Stack trace:
#0 C:\laragon\www\SHFS\auth\login.php(67): PDO->prepare('SELECT first_na...')
#1 {main}
  thrown in C:\laragon\www\SHFS\auth\login.php on line 67
[04-May-2026 13:07:15 UTC] Nutrition recommendation fetch error: SQLSTATE[42S22]: Column not found: 1054 Unknown column 'recommendation_date' in 'where clause'
[04-May-2026 13:07:15 UTC] Notification API error: SQLSTATE[42S02]: Base table or view not found: 1146 Table 'smart_diet_fyp.notifications' doesn't exist
[04-May-2026 13:07:17 UTC] Workouts recommendation fetch error: SQLSTATE[42S22]: Column not found: 1054 Unknown column 'recommendation_date' in 'where clause'
[04-May-2026 13:07:17 UTC] Notification API error: SQLSTATE[42S02]: Base table or view not found: 1146 Table 'smart_diet_fyp.notifications' doesn't exist
[04-May-2026 13:07:19 UTC] Progress profile fetch error: SQLSTATE[42S22]: Column not found: 1054 Unknown column 'pr.goal_type' in 'field list'
[04-May-2026 13:07:19 UTC] Notification API error: SQLSTATE[42S02]: Base table or view not found: 1146 Table 'smart_diet_fyp.notifications' doesn't exist
[04-May-2026 13:07:20 UTC] Notification API error: SQLSTATE[42S02]: Base table or view not found: 1146 Table 'smart_diet_fyp.notifications' doesn't exist
[04-May-2026 14:32:50 UTC] PHP Fatal error:  Uncaught PDOException: SQLSTATE[42S22]: Column not found: 1054 Unknown column 'is_active' in 'field list' in C:\laragon\www\SHFS\auth\login.php:52
Stack trace:
#0 C:\laragon\www\SHFS\auth\login.php(52): PDO->prepare('SELECT id, pass...')
#1 {main}
  thrown in C:\laragon\www\SHFS\auth\login.php on line 52
[04-May-2026 15:16:39 UTC] PHP Fatal error:  Uncaught PDOException: SQLSTATE[42S22]: Column not found: 1054 Unknown column 'first_name' in 'field list' in C:\laragon\www\SHFS\auth\login.php:34
Stack trace:
#0 C:\laragon\www\SHFS\auth\login.php(34): PDO->prepare('SELECT first_na...')
#1 {main}
  thrown in C:\laragon\www\SHFS\auth\login.php on line 34
[04-May-2026 15:16:41 UTC] PHP Fatal error:  Uncaught PDOException: SQLSTATE[42S22]: Column not found: 1054 Unknown column 'first_name' in 'field list' in C:\laragon\www\SHFS\pages\dashboard.php:10
Stack trace:
#0 C:\laragon\www\SHFS\pages\dashboard.php(10): PDO->prepare('SELECT first_na...')
#1 {main}
  thrown in C:\laragon\www\SHFS\pages\dashboard.php on line 10
[04-May-2026 15:16:43 UTC] Progress profile fetch error: SQLSTATE[42S22]: Column not found: 1054 Unknown column 'pr.goal_type' in 'field list'
[04-May-2026 15:16:43 UTC] Notification API error: SQLSTATE[42S02]: Base table or view not found: 1146 Table 'smart_diet_fyp.notifications' doesn't exist
[04-May-2026 15:16:57 UTC] PHP Fatal error:  Uncaught PDOException: SQLSTATE[42S22]: Column not found: 1054 Unknown column 'is_active' in 'field list' in C:\laragon\www\SHFS\auth\login.php:52
Stack trace:
#0 C:\laragon\www\SHFS\auth\login.php(52): PDO->prepare('SELECT id, pass...')
#1 {main}
  thrown in C:\laragon\www\SHFS\auth\login.php on line 52
[04-May-2026 15:21:02 UTC] PHP Fatal error:  Uncaught PDOException: SQLSTATE[42S22]: Column not found: 1054 Unknown column 'first_name' in 'field list' in C:\laragon\www\SHFS\auth\login.php:68
Stack trace:
#0 C:\laragon\www\SHFS\auth\login.php(68): PDO->prepare('SELECT first_na...')
#1 {main}
  thrown in C:\laragon\www\SHFS\auth\login.php on line 68
[04-May-2026 15:21:22 UTC] PHP Fatal error:  Uncaught PDOException: SQLSTATE[42S22]: Column not found: 1054 Unknown column 'first_name' in 'field list' in C:\laragon\www\SHFS\pages\dashboard.php:10
Stack trace:
#0 C:\laragon\www\SHFS\pages\dashboard.php(10): PDO->prepare('SELECT first_na...')
#1 {main}
  thrown in C:\laragon\www\SHFS\pages\dashboard.php on line 10
[04-May-2026 15:21:23 UTC] PHP Fatal error:  Uncaught PDOException: SQLSTATE[42S22]: Column not found: 1054 Unknown column 'first_name' in 'field list' in C:\laragon\www\SHFS\pages\dashboard.php:10
Stack trace:
#0 C:\laragon\www\SHFS\pages\dashboard.php(10): PDO->prepare('SELECT first_na...')
#1 {main}
  thrown in C:\laragon\www\SHFS\pages\dashboard.php on line 10
[04-May-2026 15:21:23 UTC] PHP Fatal error:  Uncaught PDOException: SQLSTATE[42S22]: Column not found: 1054 Unknown column 'first_name' in 'field list' in C:\laragon\www\SHFS\pages\dashboard.php:10
Stack trace:
#0 C:\laragon\www\SHFS\pages\dashboard.php(10): PDO->prepare('SELECT first_na...')
#1 {main}
  thrown in C:\laragon\www\SHFS\pages\dashboard.php on line 10
[04-May-2026 15:21:24 UTC] PHP Fatal error:  Uncaught PDOException: SQLSTATE[42S22]: Column not found: 1054 Unknown column 'first_name' in 'field list' in C:\laragon\www\SHFS\pages\dashboard.php:10
Stack trace:
#0 C:\laragon\www\SHFS\pages\dashboard.php(10): PDO->prepare('SELECT first_na...')
#1 {main}
  thrown in C:\laragon\www\SHFS\pages\dashboard.php on line 10
[04-May-2026 15:21:24 UTC] PHP Fatal error:  Uncaught PDOException: SQLSTATE[42S22]: Column not found: 1054 Unknown column 'first_name' in 'field list' in C:\laragon\www\SHFS\pages\dashboard.php:10
Stack trace:
#0 C:\laragon\www\SHFS\pages\dashboard.php(10): PDO->prepare('SELECT first_na...')
#1 {main}
  thrown in C:\laragon\www\SHFS\pages\dashboard.php on line 10
[04-May-2026 15:21:24 UTC] PHP Fatal error:  Uncaught PDOException: SQLSTATE[42S22]: Column not found: 1054 Unknown column 'first_name' in 'field list' in C:\laragon\www\SHFS\pages\dashboard.php:10
Stack trace:
#0 C:\laragon\www\SHFS\pages\dashboard.php(10): PDO->prepare('SELECT first_na...')
#1 {main}
  thrown in C:\laragon\www\SHFS\pages\dashboard.php on line 10
[04-May-2026 15:21:24 UTC] PHP Fatal error:  Uncaught PDOException: SQLSTATE[42S22]: Column not found: 1054 Unknown column 'first_name' in 'field list' in C:\laragon\www\SHFS\pages\dashboard.php:10
Stack trace:
#0 C:\laragon\www\SHFS\pages\dashboard.php(10): PDO->prepare('SELECT first_na...')
#1 {main}
  thrown in C:\laragon\www\SHFS\pages\dashboard.php on line 10
[04-May-2026 15:32:42 UTC] PHP Fatal error:  Uncaught PDOException: SQLSTATE[42S22]: Column not found: 1054 Unknown column 'height_cm' in 'field list' in C:\laragon\www\SHFS\pages\dashboard.php:11
Stack trace:
#0 C:\laragon\www\SHFS\pages\dashboard.php(11): PDO->prepare('SELECT height_c...')
#1 {main}
  thrown in C:\laragon\www\SHFS\pages\dashboard.php on line 11
[04-May-2026 20:10:25 UTC] PHP Fatal error:  Uncaught PDOException: SQLSTATE[42S22]: Column not found: 1054 Unknown column 'height_cm' in 'field list' in C:\laragon\www\SHFS\pages\dashboard.php:11
Stack trace:
#0 C:\laragon\www\SHFS\pages\dashboard.php(11): PDO->prepare('SELECT height_c...')
#1 {main}
  thrown in C:\laragon\www\SHFS\pages\dashboard.php on line 11
[04-May-2026 20:10:28 UTC] PHP Fatal error:  Uncaught PDOException: SQLSTATE[42S22]: Column not found: 1054 Unknown column 'height_cm' in 'field list' in C:\laragon\www\SHFS\pages\dashboard.php:11
Stack trace:
#0 C:\laragon\www\SHFS\pages\dashboard.php(11): PDO->prepare('SELECT height_c...')
#1 {main}
  thrown in C:\laragon\www\SHFS\pages\dashboard.php on line 11
[05-May-2026 17:46:33 UTC] PHP Fatal error:  Uncaught PDOException: SQLSTATE[42S22]: Column not found: 1054 Unknown column 'height_cm' in 'field list' in C:\laragon\www\SHFS\pages\dashboard.php:11
Stack trace:
#0 C:\laragon\www\SHFS\pages\dashboard.php(11): PDO->prepare('SELECT height_c...')
#1 {main}
  thrown in C:\laragon\www\SHFS\pages\dashboard.php on line 11
[05-May-2026 17:53:44 UTC] PHP Fatal error:  Uncaught PDOException: SQLSTATE[42S22]: Column not found: 1054 Unknown column 'recommendation_date' in 'where clause' in C:\laragon\www\SHFS\pages\dashboard.php:24
Stack trace:
#0 C:\laragon\www\SHFS\pages\dashboard.php(24): PDO->prepare('SELECT kcal_tar...')
#1 {main}
  thrown in C:\laragon\www\SHFS\pages\dashboard.php on line 24
[05-May-2026 17:53:45 UTC] PHP Fatal error:  Uncaught PDOException: SQLSTATE[42S22]: Column not found: 1054 Unknown column 'recommendation_date' in 'where clause' in C:\laragon\www\SHFS\pages\dashboard.php:24
Stack trace:
#0 C:\laragon\www\SHFS\pages\dashboard.php(24): PDO->prepare('SELECT kcal_tar...')
#1 {main}
  thrown in C:\laragon\www\SHFS\pages\dashboard.php on line 24
[05-May-2026 17:53:45 UTC] PHP Fatal error:  Uncaught PDOException: SQLSTATE[42S22]: Column not found: 1054 Unknown column 'recommendation_date' in 'where clause' in C:\laragon\www\SHFS\pages\dashboard.php:24
Stack trace:
#0 C:\laragon\www\SHFS\pages\dashboard.php(24): PDO->prepare('SELECT kcal_tar...')
#1 {main}
  thrown in C:\laragon\www\SHFS\pages\dashboard.php on line 24
[05-May-2026 17:53:45 UTC] PHP Fatal error:  Uncaught PDOException: SQLSTATE[42S22]: Column not found: 1054 Unknown column 'recommendation_date' in 'where clause' in C:\laragon\www\SHFS\pages\dashboard.php:24
Stack trace:
#0 C:\laragon\www\SHFS\pages\dashboard.php(24): PDO->prepare('SELECT kcal_tar...')
#1 {main}
  thrown in C:\laragon\www\SHFS\pages\dashboard.php on line 24
[05-May-2026 17:53:45 UTC] PHP Fatal error:  Uncaught PDOException: SQLSTATE[42S22]: Column not found: 1054 Unknown column 'recommendation_date' in 'where clause' in C:\laragon\www\SHFS\pages\dashboard.php:24
Stack trace:
#0 C:\laragon\www\SHFS\pages\dashboard.php(24): PDO->prepare('SELECT kcal_tar...')
#1 {main}
  thrown in C:\laragon\www\SHFS\pages\dashboard.php on line 24
[05-May-2026 17:53:46 UTC] PHP Fatal error:  Uncaught PDOException: SQLSTATE[42S22]: Column not found: 1054 Unknown column 'recommendation_date' in 'where clause' in C:\laragon\www\SHFS\pages\dashboard.php:24
Stack trace:
#0 C:\laragon\www\SHFS\pages\dashboard.php(24): PDO->prepare('SELECT kcal_tar...')
#1 {main}
  thrown in C:\laragon\www\SHFS\pages\dashboard.php on line 24
[05-May-2026 17:53:46 UTC] PHP Fatal error:  Uncaught PDOException: SQLSTATE[42S22]: Column not found: 1054 Unknown column 'recommendation_date' in 'where clause' in C:\laragon\www\SHFS\pages\dashboard.php:24
Stack trace:
#0 C:\laragon\www\SHFS\pages\dashboard.php(24): PDO->prepare('SELECT kcal_tar...')
#1 {main}
  thrown in C:\laragon\www\SHFS\pages\dashboard.php on line 24
[05-May-2026 17:53:51 UTC] PHP Fatal error:  Uncaught PDOException: SQLSTATE[42S22]: Column not found: 1054 Unknown column 'recommendation_date' in 'where clause' in C:\laragon\www\SHFS\pages\dashboard.php:24
Stack trace:
#0 C:\laragon\www\SHFS\pages\dashboard.php(24): PDO->prepare('SELECT kcal_tar...')
#1 {main}
  thrown in C:\laragon\www\SHFS\pages\dashboard.php on line 24
[05-May-2026 17:53:54 UTC] PHP Fatal error:  Uncaught PDOException: SQLSTATE[42S22]: Column not found: 1054 Unknown column 'recommendation_date' in 'where clause' in C:\laragon\www\SHFS\pages\dashboard.php:24
Stack trace:
#0 C:\laragon\www\SHFS\pages\dashboard.php(24): PDO->prepare('SELECT kcal_tar...')
#1 {main}
  thrown in C:\laragon\www\SHFS\pages\dashboard.php on line 24
[05-May-2026 17:54:14 UTC] PHP Fatal error:  Uncaught PDOException: SQLSTATE[42S22]: Column not found: 1054 Unknown column 'recommendation_date' in 'where clause' in C:\laragon\www\SHFS\pages\dashboard.php:24
Stack trace:
#0 C:\laragon\www\SHFS\pages\dashboard.php(24): PDO->prepare('SELECT kcal_tar...')
#1 {main}
  thrown in C:\laragon\www\SHFS\pages\dashboard.php on line 24
[05-May-2026 18:08:44 UTC] Notification API error: SQLSTATE[42S02]: Base table or view not found: 1146 Table 'smart_diet_fyp.notifications' doesn't exist
[05-May-2026 18:13:42 UTC] Notification API error: SQLSTATE[42S02]: Base table or view not found: 1146 Table 'smart_diet_fyp.notifications' doesn't exist
[05-May-2026 18:13:43 UTC] Notification API error: SQLSTATE[42S02]: Base table or view not found: 1146 Table 'smart_diet_fyp.notifications' doesn't exist
[05-May-2026 19:52:50 UTC] Ensure today plan error: SQLSTATE[42S22]: Column not found: 1054 Unknown column 'recommendation_date' in 'where clause'
[05-May-2026 19:52:50 UTC] Dashboard ensure plan warning: Server error
[05-May-2026 19:52:53 UTC] Nutrition recommendation fetch error: SQLSTATE[42S22]: Column not found: 1054 Unknown column 'recommendation_date' in 'where clause'
[05-May-2026 19:52:53 UTC] Error fetching current user: SQLSTATE[42S22]: Column not found: 1054 Unknown column 'p.first_name' in 'field list'
[05-May-2026 19:52:53 UTC] Notification API error: SQLSTATE[42S02]: Base table or view not found: 1146 Table 'smart_diet_fyp.notifications' doesn't exist
[05-May-2026 19:52:55 UTC] Workouts recommendation fetch error: SQLSTATE[42S22]: Column not found: 1054 Unknown column 'recommendation_date' in 'where clause'
[05-May-2026 19:52:55 UTC] Error fetching current user: SQLSTATE[42S22]: Column not found: 1054 Unknown column 'p.first_name' in 'field list'
[05-May-2026 19:52:55 UTC] Notification API error: SQLSTATE[42S02]: Base table or view not found: 1146 Table 'smart_diet_fyp.notifications' doesn't exist
[05-May-2026 19:52:56 UTC] Error fetching current user: SQLSTATE[42S22]: Column not found: 1054 Unknown column 'p.first_name' in 'field list'
[05-May-2026 19:52:56 UTC] Notification API error: SQLSTATE[42S02]: Base table or view not found: 1146 Table 'smart_diet_fyp.notifications' doesn't exist
[05-May-2026 19:52:57 UTC] Error fetching current user: SQLSTATE[42S22]: Column not found: 1054 Unknown column 'p.first_name' in 'field list'
[05-May-2026 19:52:57 UTC] Notification API error: SQLSTATE[42S02]: Base table or view not found: 1146 Table 'smart_diet_fyp.notifications' doesn't exist
[05-May-2026 19:54:27 UTC] Ensure today plan error: SQLSTATE[42S22]: Column not found: 1054 Unknown column 'recommendation_date' in 'where clause'
[05-May-2026 19:54:27 UTC] Dashboard ensure plan warning: Server error
[05-May-2026 20:19:40 UTC] Nutrition recommendation fetch error: SQLSTATE[42S22]: Column not found: 1054 Unknown column 'recommendation_date' in 'where clause'
[05-May-2026 20:19:40 UTC] Error fetching current user: SQLSTATE[42S22]: Column not found: 1054 Unknown column 'p.first_name' in 'field list'
[05-May-2026 20:19:40 UTC] Notification API error: SQLSTATE[42S02]: Base table or view not found: 1146 Table 'smart_diet_fyp.notifications' doesn't exist
[05-May-2026 20:19:44 UTC] Workouts recommendation fetch error: SQLSTATE[42S22]: Column not found: 1054 Unknown column 'recommendation_date' in 'where clause'
[05-May-2026 20:19:44 UTC] Error fetching current user: SQLSTATE[42S22]: Column not found: 1054 Unknown column 'p.first_name' in 'field list'
[05-May-2026 20:19:44 UTC] Notification API error: SQLSTATE[42S02]: Base table or view not found: 1146 Table 'smart_diet_fyp.notifications' doesn't exist
[05-May-2026 20:27:56 UTC] Error fetching current user: SQLSTATE[42S22]: Column not found: 1054 Unknown column 'p.first_name' in 'field list'
[05-May-2026 20:27:56 UTC] Notification API error: SQLSTATE[42S02]: Base table or view not found: 1146 Table 'smart_diet_fyp.notifications' doesn't exist
[05-May-2026 20:27:57 UTC] Error fetching current user: SQLSTATE[42S22]: Column not found: 1054 Unknown column 'p.first_name' in 'field list'
[05-May-2026 20:27:57 UTC] Notification API error: SQLSTATE[42S02]: Base table or view not found: 1146 Table 'smart_diet_fyp.notifications' doesn't exist
[05-May-2026 20:31:48 UTC] Ensure today plan error: SQLSTATE[42S22]: Column not found: 1054 Unknown column 'recommendation_date' in 'where clause'
[05-May-2026 20:31:48 UTC] Dashboard ensure plan warning: Server error
[05-May-2026 20:31:51 UTC] Nutrition recommendation fetch error: SQLSTATE[42S22]: Column not found: 1054 Unknown column 'recommendation_date' in 'where clause'
[05-May-2026 20:31:51 UTC] Error fetching current user: SQLSTATE[42S22]: Column not found: 1054 Unknown column 'p.first_name' in 'field list'
[05-May-2026 20:31:51 UTC] Notification API error: SQLSTATE[42S02]: Base table or view not found: 1146 Table 'smart_diet_fyp.notifications' doesn't exist
[06-May-2026 14:00:17 UTC] Signup Error: Email already registered. Please sign in.
[06-May-2026 14:01:59 UTC] Signup Error: Email already registered. Please sign in.
[06-May-2026 14:03:56 UTC] Signup Error: SQLSTATE[01000]: Warning: 1265 Data truncated for column 'activity_level' at row 1
[06-May-2026 14:04:34 UTC] Ensure today plan error: SQLSTATE[42S22]: Column not found: 1054 Unknown column 'recommendation_date' in 'where clause'
[06-May-2026 14:04:34 UTC] Dashboard ensure plan warning: Server error
[06-May-2026 22:51:08 UTC] Ensure today plan error: SQLSTATE[42S22]: Column not found: 1054 Unknown column 'recommendation_date' in 'where clause'
[06-May-2026 22:51:08 UTC] Dashboard ensure plan warning: Server error
[06-May-2026 22:51:21 UTC] Nutrition recommendation fetch error: SQLSTATE[42S22]: Column not found: 1054 Unknown column 'recommendation_date' in 'where clause'
[06-May-2026 22:51:21 UTC] Error fetching current user: SQLSTATE[42S22]: Column not found: 1054 Unknown column 'p.first_name' in 'field list'
[06-May-2026 22:51:21 UTC] Notification API error: SQLSTATE[42S02]: Base table or view not found: 1146 Table 'smart_diet_fyp.notifications' doesn't exist
[06-May-2026 22:51:23 UTC] Error fetching current user: SQLSTATE[42S22]: Column not found: 1054 Unknown column 'p.first_name' in 'field list'
[06-May-2026 22:51:23 UTC] Notification API error: SQLSTATE[42S02]: Base table or view not found: 1146 Table 'smart_diet_fyp.notifications' doesn't exist
[06-May-2026 22:51:25 UTC] Workouts recommendation fetch error: SQLSTATE[42S22]: Column not found: 1054 Unknown column 'recommendation_date' in 'where clause'
[06-May-2026 22:51:25 UTC] Error fetching current user: SQLSTATE[42S22]: Column not found: 1054 Unknown column 'p.first_name' in 'field list'
[06-May-2026 22:51:25 UTC] Notification API error: SQLSTATE[42S02]: Base table or view not found: 1146 Table 'smart_diet_fyp.notifications' doesn't exist
[06-May-2026 22:51:26 UTC] Error fetching current user: SQLSTATE[42S22]: Column not found: 1054 Unknown column 'p.first_name' in 'field list'
[06-May-2026 22:51:26 UTC] Notification API error: SQLSTATE[42S02]: Base table or view not found: 1146 Table 'smart_diet_fyp.notifications' doesn't exist
[06-May-2026 22:52:09 UTC] Ensure today plan error: SQLSTATE[42S22]: Column not found: 1054 Unknown column 'recommendation_date' in 'where clause'
[06-May-2026 22:52:09 UTC] Dashboard ensure plan warning: Server error
[06-May-2026 23:02:27 UTC] Nutrition recommendation fetch error: SQLSTATE[42S22]: Column not found: 1054 Unknown column 'recommendation_date' in 'where clause'
[06-May-2026 23:02:27 UTC] Error fetching current user: SQLSTATE[42S22]: Column not found: 1054 Unknown column 'p.first_name' in 'field list'
[06-May-2026 23:02:27 UTC] Notification API error: SQLSTATE[42S02]: Base table or view not found: 1146 Table 'smart_diet_fyp.notifications' doesn't exist
[06-May-2026 23:15:14 UTC] Nutrition recommendation fetch error: SQLSTATE[42S22]: Column not found: 1054 Unknown column 'recommendation_date' in 'where clause'
[06-May-2026 23:15:14 UTC] Error fetching current user: SQLSTATE[42S22]: Column not found: 1054 Unknown column 'p.first_name' in 'field list'
[06-May-2026 23:15:15 UTC] Notification API error: SQLSTATE[42S02]: Base table or view not found: 1146 Table 'smart_diet_fyp.notifications' doesn't exist
[06-May-2026 23:17:14 UTC] Onboarding Step 3 Error: SQLSTATE[01000]: Warning: 1265 Data truncated for column 'diet_type' at row 1
[06-May-2026 23:18:51 UTC] Onboarding Step 3 Error: SQLSTATE[01000]: Warning: 1265 Data truncated for column 'diet_type' at row 1
[06-May-2026 23:19:15 UTC] Onboarding Step 3 Error: SQLSTATE[01000]: Warning: 1265 Data truncated for column 'diet_type' at row 1
[06-May-2026 23:20:37 UTC] Plan generation error: SQLSTATE[42S22]: Column not found: 1054 Unknown column 'recommendation_date' in 'where clause'
[06-May-2026 23:20:37 UTC] Ensure today plan error: SQLSTATE[42S22]: Column not found: 1054 Unknown column 'recommendation_date' in 'where clause'
[06-May-2026 23:20:37 UTC] Dashboard ensure plan warning: Server error
[06-May-2026 23:20:37 UTC] Error fetching current user: SQLSTATE[42S22]: Column not found: 1054 Unknown column 'p.first_name' in 'field list'
[06-May-2026 23:20:37 UTC] Notification API error: SQLSTATE[42S02]: Base table or view not found: 1146 Table 'smart_diet_fyp.notifications' doesn't exist
[06-May-2026 23:21:24 UTC] Onboarding Step 3 Error: SQLSTATE[01000]: Warning: 1265 Data truncated for column 'activity_level' at row 1
[06-May-2026 23:22:29 UTC] Onboarding Step 3 Error: SQLSTATE[01000]: Warning: 1265 Data truncated for column 'activity_level' at row 1
[06-May-2026 23:22:38 UTC] Onboarding Step 3 Error: SQLSTATE[01000]: Warning: 1265 Data truncated for column 'activity_level' at row 1
[06-May-2026 23:23:02 UTC] Onboarding Step 3 Error: SQLSTATE[01000]: Warning: 1265 Data truncated for column 'activity_level' at row 1
[06-May-2026 23:24:24 UTC] Onboarding Step 3 Error: SQLSTATE[01000]: Warning: 1265 Data truncated for column 'activity_level' at row 1
[06-May-2026 23:24:47 UTC] Plan generation error: SQLSTATE[42S22]: Column not found: 1054 Unknown column 'recommendation_date' in 'where clause'
[06-May-2026 23:24:47 UTC] Ensure today plan error: SQLSTATE[42S22]: Column not found: 1054 Unknown column 'recommendation_date' in 'where clause'
[06-May-2026 23:24:47 UTC] Dashboard ensure plan warning: Server error
[06-May-2026 23:24:47 UTC] Error fetching current user: SQLSTATE[42S22]: Column not found: 1054 Unknown column 'p.first_name' in 'field list'
[06-May-2026 23:24:47 UTC] Notification API error: SQLSTATE[42S02]: Base table or view not found: 1146 Table 'smart_diet_fyp.notifications' doesn't exist
[06-May-2026 23:25:38 UTC] Plan generation error: SQLSTATE[42S22]: Column not found: 1054 Unknown column 'recommendation_date' in 'where clause'
[06-May-2026 23:25:38 UTC] Ensure today plan error: SQLSTATE[42S22]: Column not found: 1054 Unknown column 'recommendation_date' in 'where clause'
[06-May-2026 23:25:38 UTC] Dashboard ensure plan warning: Server error
[06-May-2026 23:25:38 UTC] Error fetching current user: SQLSTATE[42S22]: Column not found: 1054 Unknown column 'p.first_name' in 'field list'
[06-May-2026 23:25:38 UTC] Notification API error: SQLSTATE[42S02]: Base table or view not found: 1146 Table 'smart_diet_fyp.notifications' doesn't exist
[06-May-2026 23:25:43 UTC] Error fetching current user: SQLSTATE[42S22]: Column not found: 1054 Unknown column 'p.first_name' in 'field list'
[06-May-2026 23:25:43 UTC] Notification API error: SQLSTATE[42S02]: Base table or view not found: 1146 Table 'smart_diet_fyp.notifications' doesn't exist
[06-May-2026 23:26:00 UTC] Error fetching current user: SQLSTATE[42S22]: Column not found: 1054 Unknown column 'p.first_name' in 'field list'
[06-May-2026 23:26:01 UTC] Notification API error: SQLSTATE[42S02]: Base table or view not found: 1146 Table 'smart_diet_fyp.notifications' doesn't exist
[06-May-2026 23:26:03 UTC] Error fetching current user: SQLSTATE[42S22]: Column not found: 1054 Unknown column 'p.first_name' in 'field list'
[06-May-2026 23:26:03 UTC] Notification API error: SQLSTATE[42S02]: Base table or view not found: 1146 Table 'smart_diet_fyp.notifications' doesn't exist
[06-May-2026 23:26:04 UTC] Ensure today plan error: SQLSTATE[42S22]: Column not found: 1054 Unknown column 'recommendation_date' in 'where clause'
[06-May-2026 23:26:04 UTC] Dashboard ensure plan warning: Server error
[06-May-2026 23:26:04 UTC] Error fetching current user: SQLSTATE[42S22]: Column not found: 1054 Unknown column 'p.first_name' in 'field list'
[06-May-2026 23:26:04 UTC] Notification API error: SQLSTATE[42S02]: Base table or view not found: 1146 Table 'smart_diet_fyp.notifications' doesn't exist
[06-May-2026 23:26:05 UTC] Nutrition recommendation fetch error: SQLSTATE[42S22]: Column not found: 1054 Unknown column 'recommendation_date' in 'where clause'
[06-May-2026 23:26:05 UTC] Error fetching current user: SQLSTATE[42S22]: Column not found: 1054 Unknown column 'p.first_name' in 'field list'
[06-May-2026 23:26:05 UTC] Notification API error: SQLSTATE[42S02]: Base table or view not found: 1146 Table 'smart_diet_fyp.notifications' doesn't exist
[06-May-2026 23:26:21 UTC] Error fetching current user: SQLSTATE[42S22]: Column not found: 1054 Unknown column 'p.first_name' in 'field list'
[06-May-2026 23:26:21 UTC] Notification API error: SQLSTATE[42S02]: Base table or view not found: 1146 Table 'smart_diet_fyp.notifications' doesn't exist
[06-May-2026 23:26:22 UTC] Nutrition recommendation fetch error: SQLSTATE[42S22]: Column not found: 1054 Unknown column 'recommendation_date' in 'where clause'
[06-May-2026 23:26:22 UTC] Error fetching current user: SQLSTATE[42S22]: Column not found: 1054 Unknown column 'p.first_name' in 'field list'
[06-May-2026 23:26:22 UTC] Notification API error: SQLSTATE[42S02]: Base table or view not found: 1146 Table 'smart_diet_fyp.notifications' doesn't exist
[06-May-2026 23:26:23 UTC] Workouts recommendation fetch error: SQLSTATE[42S22]: Column not found: 1054 Unknown column 'recommendation_date' in 'where clause'
[06-May-2026 23:26:23 UTC] Error fetching current user: SQLSTATE[42S22]: Column not found: 1054 Unknown column 'p.first_name' in 'field list'
[06-May-2026 23:26:23 UTC] Notification API error: SQLSTATE[42S02]: Base table or view not found: 1146 Table 'smart_diet_fyp.notifications' doesn't exist
[06-May-2026 23:26:24 UTC] Error fetching current user: SQLSTATE[42S22]: Column not found: 1054 Unknown column 'p.first_name' in 'field list'
[06-May-2026 23:26:24 UTC] Notification API error: SQLSTATE[42S02]: Base table or view not found: 1146 Table 'smart_diet_fyp.notifications' doesn't exist
[06-May-2026 23:26:27 UTC] Error fetching current user: SQLSTATE[42S22]: Column not found: 1054 Unknown column 'p.first_name' in 'field list'
[06-May-2026 23:26:27 UTC] Notification API error: SQLSTATE[42S02]: Base table or view not found: 1146 Table 'smart_diet_fyp.notifications' doesn't exist
[06-May-2026 23:26:28 UTC] Achievements badge fetch error: SQLSTATE[42S02]: Base table or view not found: 1146 Table 'smart_diet_fyp.achievements' doesn't exist
[06-May-2026 23:26:28 UTC] Error fetching current user: SQLSTATE[42S22]: Column not found: 1054 Unknown column 'p.first_name' in 'field list'
[06-May-2026 23:26:28 UTC] PHP Warning:  Undefined array key "height_cm" in C:\laragon\www\SHFS\pages\achievements.php on line 297
[06-May-2026 23:26:28 UTC] PHP Warning:  Undefined array key "current_weight_kg" in C:\laragon\www\SHFS\pages\achievements.php on line 301
[06-May-2026 23:26:28 UTC] PHP Warning:  Undefined array key "fitness_goal" in C:\laragon\www\SHFS\pages\achievements.php on line 309
[06-May-2026 23:26:28 UTC] PHP Deprecated:  str_replace(): Passing null to parameter #3 ($subject) of type array|string is deprecated in C:\laragon\www\SHFS\pages\achievements.php on line 309
[06-May-2026 23:26:29 UTC] Notification API error: SQLSTATE[42S02]: Base table or view not found: 1146 Table 'smart_diet_fyp.notifications' doesn't exist
[06-May-2026 23:27:13 UTC] Achievements badge fetch error: SQLSTATE[42S02]: Base table or view not found: 1146 Table 'smart_diet_fyp.achievements' doesn't exist
[06-May-2026 23:27:13 UTC] Error fetching current user: SQLSTATE[42S22]: Column not found: 1054 Unknown column 'p.first_name' in 'field list'
[06-May-2026 23:27:13 UTC] Notification API error: SQLSTATE[42S02]: Base table or view not found: 1146 Table 'smart_diet_fyp.notifications' doesn't exist
[06-May-2026 23:32:45 UTC] Achievements badge fetch error: SQLSTATE[42S02]: Base table or view not found: 1146 Table 'smart_diet_fyp.achievements' doesn't exist
[06-May-2026 23:32:45 UTC] Error fetching current user: SQLSTATE[42S22]: Column not found: 1054 Unknown column 'p.first_name' in 'field list'
[06-May-2026 23:32:45 UTC] Notification API error: SQLSTATE[42S02]: Base table or view not found: 1146 Table 'smart_diet_fyp.notifications' doesn't exist
[06-May-2026 23:34:08 UTC] Error fetching current user: SQLSTATE[42S22]: Column not found: 1054 Unknown column 'p.first_name' in 'field list'
[06-May-2026 23:34:08 UTC] Notification API error: SQLSTATE[42S02]: Base table or view not found: 1146 Table 'smart_diet_fyp.notifications' doesn't exist
[06-May-2026 23:34:35 UTC] Achievements badge fetch error: SQLSTATE[42S02]: Base table or view not found: 1146 Table 'smart_diet_fyp.achievements' doesn't exist
[06-May-2026 23:34:35 UTC] Error fetching current user: SQLSTATE[42S22]: Column not found: 1054 Unknown column 'p.first_name' in 'field list'
[06-May-2026 23:34:36 UTC] Notification API error: SQLSTATE[42S02]: Base table or view not found: 1146 Table 'smart_diet_fyp.notifications' doesn't exist
[06-May-2026 23:35:37 UTC] Achievements badge fetch error: SQLSTATE[42S02]: Base table or view not found: 1146 Table 'smart_diet_fyp.achievements' doesn't exist
[06-May-2026 23:35:37 UTC] Error fetching current user: SQLSTATE[42S22]: Column not found: 1054 Unknown column 'p.first_name' in 'field list'
[06-May-2026 23:35:37 UTC] Notification API error: SQLSTATE[42S02]: Base table or view not found: 1146 Table 'smart_diet_fyp.notifications' doesn't exist
[06-May-2026 23:35:45 UTC] Ensure today plan error: SQLSTATE[42S22]: Column not found: 1054 Unknown column 'recommendation_date' in 'where clause'
[06-May-2026 23:35:45 UTC] Dashboard ensure plan warning: Server error
[06-May-2026 23:35:45 UTC] Error fetching current user: SQLSTATE[42S22]: Column not found: 1054 Unknown column 'p.first_name' in 'field list'
[06-May-2026 23:35:45 UTC] Notification API error: SQLSTATE[42S02]: Base table or view not found: 1146 Table 'smart_diet_fyp.notifications' doesn't exist
[06-May-2026 23:36:42 UTC] Ensure today plan error: SQLSTATE[42S22]: Column not found: 1054 Unknown column 'recommendation_date' in 'where clause'
[06-May-2026 23:36:42 UTC] Dashboard ensure plan warning: Server error
[06-May-2026 23:36:42 UTC] Error fetching current user: SQLSTATE[42S22]: Column not found: 1054 Unknown column 'p.first_name' in 'field list'
[06-May-2026 23:36:42 UTC] Notification API error: SQLSTATE[42S02]: Base table or view not found: 1146 Table 'smart_diet_fyp.notifications' doesn't exist
[06-May-2026 23:36:43 UTC] Nutrition recommendation fetch error: SQLSTATE[42S22]: Column not found: 1054 Unknown column 'recommendation_date' in 'where clause'
[06-May-2026 23:36:43 UTC] Error fetching current user: SQLSTATE[42S22]: Column not found: 1054 Unknown column 'p.first_name' in 'field list'
[06-May-2026 23:36:44 UTC] Notification API error: SQLSTATE[42S02]: Base table or view not found: 1146 Table 'smart_diet_fyp.notifications' doesn't exist
[06-May-2026 23:36:44 UTC] Workouts recommendation fetch error: SQLSTATE[42S22]: Column not found: 1054 Unknown column 'recommendation_date' in 'where clause'
[06-May-2026 23:36:44 UTC] Error fetching current user: SQLSTATE[42S22]: Column not found: 1054 Unknown column 'p.first_name' in 'field list'
[06-May-2026 23:36:44 UTC] Notification API error: SQLSTATE[42S02]: Base table or view not found: 1146 Table 'smart_diet_fyp.notifications' doesn't exist
[06-May-2026 23:36:45 UTC] Error fetching current user: SQLSTATE[42S22]: Column not found: 1054 Unknown column 'p.first_name' in 'field list'
[06-May-2026 23:36:45 UTC] Notification API error: SQLSTATE[42S02]: Base table or view not found: 1146 Table 'smart_diet_fyp.notifications' doesn't exist
[06-May-2026 23:36:46 UTC] Error fetching current user: SQLSTATE[42S22]: Column not found: 1054 Unknown column 'p.first_name' in 'field list'
[06-May-2026 23:36:46 UTC] Notification API error: SQLSTATE[42S02]: Base table or view not found: 1146 Table 'smart_diet_fyp.notifications' doesn't exist
[06-May-2026 23:36:47 UTC] Achievements badge fetch error: SQLSTATE[42S02]: Base table or view not found: 1146 Table 'smart_diet_fyp.achievements' doesn't exist
[06-May-2026 23:36:47 UTC] Error fetching current user: SQLSTATE[42S22]: Column not found: 1054 Unknown column 'p.first_name' in 'field list'
[06-May-2026 23:36:47 UTC] Notification API error: SQLSTATE[42S02]: Base table or view not found: 1146 Table 'smart_diet_fyp.notifications' doesn't exist
[06-May-2026 23:36:48 UTC] Error fetching current user: SQLSTATE[42S22]: Column not found: 1054 Unknown column 'p.first_name' in 'field list'
[06-May-2026 23:36:49 UTC] Notification API error: SQLSTATE[42S02]: Base table or view not found: 1146 Table 'smart_diet_fyp.notifications' doesn't exist
[06-May-2026 23:36:51 UTC] Ensure today plan error: SQLSTATE[42S22]: Column not found: 1054 Unknown column 'recommendation_date' in 'where clause'
[06-May-2026 23:36:51 UTC] Dashboard ensure plan warning: Server error
[06-May-2026 23:36:51 UTC] Error fetching current user: SQLSTATE[42S22]: Column not found: 1054 Unknown column 'p.first_name' in 'field list'
[06-May-2026 23:36:52 UTC] Notification API error: SQLSTATE[42S02]: Base table or view not found: 1146 Table 'smart_diet_fyp.notifications' doesn't exist
[06-May-2026 23:49:28 UTC] Ensure today plan error: SQLSTATE[42S22]: Column not found: 1054 Unknown column 'recommendation_date' in 'where clause'
[06-May-2026 23:49:28 UTC] Dashboard ensure plan warning: Server error
[06-May-2026 23:49:28 UTC] Error fetching current user: SQLSTATE[42S22]: Column not found: 1054 Unknown column 'p.first_name' in 'field list'
[06-May-2026 23:49:28 UTC] Notification API error: SQLSTATE[42S02]: Base table or view not found: 1146 Table 'smart_diet_fyp.notifications' doesn't exist
[06-May-2026 23:49:31 UTC] PHP Fatal error:  Uncaught PDOException: SQLSTATE[42S22]: Column not found: 1054 Unknown column 'name' in 'field list' in C:\laragon\www\SHFS\pages\settings.php:12
Stack trace:
#0 C:\laragon\www\SHFS\pages\settings.php(12): PDO->prepare('SELECT name, em...')
#1 {main}
  thrown in C:\laragon\www\SHFS\pages\settings.php on line 12
[06-May-2026 23:50:46 UTC] Error fetching current user: SQLSTATE[42S22]: Column not found: 1054 Unknown column 'p.first_name' in 'field list'
[06-May-2026 23:50:47 UTC] Notification API error: SQLSTATE[42S02]: Base table or view not found: 1146 Table 'smart_diet_fyp.notifications' doesn't exist
[06-May-2026 23:50:48 UTC] Error fetching current user: SQLSTATE[42S22]: Column not found: 1054 Unknown column 'p.first_name' in 'field list'
[06-May-2026 23:50:48 UTC] Notification API error: SQLSTATE[42S02]: Base table or view not found: 1146 Table 'smart_diet_fyp.notifications' doesn't exist
[06-May-2026 23:50:49 UTC] Error fetching current user: SQLSTATE[42S22]: Column not found: 1054 Unknown column 'p.first_name' in 'field list'
[06-May-2026 23:50:49 UTC] Notification API error: SQLSTATE[42S02]: Base table or view not found: 1146 Table 'smart_diet_fyp.notifications' doesn't exist
[06-May-2026 23:50:49 UTC] Error fetching current user: SQLSTATE[42S22]: Column not found: 1054 Unknown column 'p.first_name' in 'field list'
[06-May-2026 23:50:49 UTC] Notification API error: SQLSTATE[42S02]: Base table or view not found: 1146 Table 'smart_diet_fyp.notifications' doesn't exist
[06-May-2026 23:50:50 UTC] Error fetching current user: SQLSTATE[42S22]: Column not found: 1054 Unknown column 'p.first_name' in 'field list'
[06-May-2026 23:50:50 UTC] Notification API error: SQLSTATE[42S02]: Base table or view not found: 1146 Table 'smart_diet_fyp.notifications' doesn't exist
[06-May-2026 23:50:50 UTC] Error fetching current user: SQLSTATE[42S22]: Column not found: 1054 Unknown column 'p.first_name' in 'field list'
[06-May-2026 23:50:50 UTC] Notification API error: SQLSTATE[42S02]: Base table or view not found: 1146 Table 'smart_diet_fyp.notifications' doesn't exist
[06-May-2026 23:50:50 UTC] Error fetching current user: SQLSTATE[42S22]: Column not found: 1054 Unknown column 'p.first_name' in 'field list'
[06-May-2026 23:50:50 UTC] Notification API error: SQLSTATE[42S02]: Base table or view not found: 1146 Table 'smart_diet_fyp.notifications' doesn't exist
[06-May-2026 23:52:54 UTC] Error fetching current user: SQLSTATE[42S22]: Column not found: 1054 Unknown column 'p.first_name' in 'field list'
[06-May-2026 23:52:54 UTC] Notification API error: SQLSTATE[42S02]: Base table or view not found: 1146 Table 'smart_diet_fyp.notifications' doesn't exist
[06-May-2026 23:52:59 UTC] PHP Fatal error:  Uncaught PDOException: SQLSTATE[42S02]: Base table or view not found: 1146 Table 'smart_diet_fyp.notifications' doesn't exist in C:\laragon\www\SHFS\pages\notification.php:21
Stack trace:
#0 C:\laragon\www\SHFS\pages\notification.php(21): PDO->prepare('SELECT id, type...')
#1 {main}
  thrown in C:\laragon\www\SHFS\pages\notification.php on line 21
[06-May-2026 23:53:24 UTC] Error fetching current user: SQLSTATE[42S22]: Column not found: 1054 Unknown column 'p.first_name' in 'field list'
[06-May-2026 23:53:24 UTC] Notification API error: SQLSTATE[42S02]: Base table or view not found: 1146 Table 'smart_diet_fyp.notifications' doesn't exist
[06-May-2026 23:53:27 UTC] Error fetching current user: SQLSTATE[42S22]: Column not found: 1054 Unknown column 'p.first_name' in 'field list'
[06-May-2026 23:53:27 UTC] Notification API error: SQLSTATE[42S02]: Base table or view not found: 1146 Table 'smart_diet_fyp.notifications' doesn't exist
[06-May-2026 23:53:40 UTC] PHP Fatal error:  Uncaught PDOException: SQLSTATE[42S22]: Column not found: 1054 Unknown column 'name' in 'field list' in C:\laragon\www\SHFS\pages\settings.php:12
Stack trace:
#0 C:\laragon\www\SHFS\pages\settings.php(12): PDO->prepare('SELECT name, em...')
#1 {main}
  thrown in C:\laragon\www\SHFS\pages\settings.php on line 12
[06-May-2026 23:53:57 UTC] Error fetching current user: SQLSTATE[42S22]: Column not found: 1054 Unknown column 'p.first_name' in 'field list'
[06-May-2026 23:53:57 UTC] Notification API error: SQLSTATE[42S02]: Base table or view not found: 1146 Table 'smart_diet_fyp.notifications' doesn't exist
[07-May-2026 00:15:44 UTC] user_needs_onboarding error: SQLSTATE[42S22]: Column not found: 1054 Unknown column 'fitness_goal' in 'field list'
[07-May-2026 00:15:44 UTC] Error fetching current user: SQLSTATE[42S22]: Column not found: 1054 Unknown column 'p.first_name' in 'field list'
[07-May-2026 00:15:45 UTC] user_needs_onboarding error: SQLSTATE[42S22]: Column not found: 1054 Unknown column 'fitness_goal' in 'field list'
[07-May-2026 00:15:45 UTC] Notification API error: SQLSTATE[42S02]: Base table or view not found: 1146 Table 'smart_diet_fyp.notifications' doesn't exist
[07-May-2026 00:15:51 UTC] user_needs_onboarding error: SQLSTATE[42S22]: Column not found: 1054 Unknown column 'fitness_goal' in 'field list'
[07-May-2026 00:15:51 UTC] Error fetching current user: SQLSTATE[42S22]: Column not found: 1054 Unknown column 'p.first_name' in 'field list'
[07-May-2026 00:15:51 UTC] user_needs_onboarding error: SQLSTATE[42S22]: Column not found: 1054 Unknown column 'fitness_goal' in 'field list'
[07-May-2026 00:15:51 UTC] Notification API error: SQLSTATE[42S02]: Base table or view not found: 1146 Table 'smart_diet_fyp.notifications' doesn't exist
[07-May-2026 00:15:54 UTC] user_needs_onboarding error: SQLSTATE[42S22]: Column not found: 1054 Unknown column 'fitness_goal' in 'field list'
[07-May-2026 00:15:54 UTC] Error fetching current user: SQLSTATE[42S22]: Column not found: 1054 Unknown column 'p.first_name' in 'field list'
[07-May-2026 00:15:54 UTC] user_needs_onboarding error: SQLSTATE[42S22]: Column not found: 1054 Unknown column 'fitness_goal' in 'field list'
[07-May-2026 00:15:54 UTC] Notification API error: SQLSTATE[42S02]: Base table or view not found: 1146 Table 'smart_diet_fyp.notifications' doesn't exist
[07-May-2026 00:15:56 UTC] user_needs_onboarding error: SQLSTATE[42S22]: Column not found: 1054 Unknown column 'fitness_goal' in 'field list'
[07-May-2026 00:15:56 UTC] Achievements badge fetch error: SQLSTATE[42S02]: Base table or view not found: 1146 Table 'smart_diet_fyp.achievements' doesn't exist
[07-May-2026 00:15:56 UTC] Error fetching current user: SQLSTATE[42S22]: Column not found: 1054 Unknown column 'p.first_name' in 'field list'
[07-May-2026 00:15:57 UTC] user_needs_onboarding error: SQLSTATE[42S22]: Column not found: 1054 Unknown column 'fitness_goal' in 'field list'
[07-May-2026 00:15:57 UTC] Notification API error: SQLSTATE[42S02]: Base table or view not found: 1146 Table 'smart_diet_fyp.notifications' doesn't exist
[07-May-2026 00:15:58 UTC] user_needs_onboarding error: SQLSTATE[42S22]: Column not found: 1054 Unknown column 'fitness_goal' in 'field list'
[07-May-2026 00:15:58 UTC] Error fetching current user: SQLSTATE[42S22]: Column not found: 1054 Unknown column 'p.first_name' in 'field list'
[07-May-2026 00:15:58 UTC] user_needs_onboarding error: SQLSTATE[42S22]: Column not found: 1054 Unknown column 'fitness_goal' in 'field list'
[07-May-2026 00:15:58 UTC] Notification API error: SQLSTATE[42S02]: Base table or view not found: 1146 Table 'smart_diet_fyp.notifications' doesn't exist
[07-May-2026 00:28:31 UTC] user_needs_onboarding error: SQLSTATE[42S22]: Column not found: 1054 Unknown column 'fitness_goal' in 'field list'
[07-May-2026 00:28:31 UTC] Error fetching current user: SQLSTATE[42S22]: Column not found: 1054 Unknown column 'p.first_name' in 'field list'
[07-May-2026 00:28:31 UTC] user_needs_onboarding error: SQLSTATE[42S22]: Column not found: 1054 Unknown column 'fitness_goal' in 'field list'
[07-May-2026 00:29:14 UTC] user_needs_onboarding error: SQLSTATE[42S22]: Column not found: 1054 Unknown column 'fitness_goal' in 'field list'
[07-May-2026 00:29:14 UTC] Error fetching current user: SQLSTATE[42S22]: Column not found: 1054 Unknown column 'p.first_name' in 'field list'
[07-May-2026 00:29:14 UTC] user_needs_onboarding error: SQLSTATE[42S22]: Column not found: 1054 Unknown column 'fitness_goal' in 'field list'
[07-May-2026 00:29:16 UTC] user_needs_onboarding error: SQLSTATE[42S22]: Column not found: 1054 Unknown column 'fitness_goal' in 'field list'
[07-May-2026 00:29:16 UTC] Error fetching current user: SQLSTATE[42S22]: Column not found: 1054 Unknown column 'p.first_name' in 'field list'
[07-May-2026 00:29:16 UTC] user_needs_onboarding error: SQLSTATE[42S22]: Column not found: 1054 Unknown column 'fitness_goal' in 'field list'
[07-May-2026 00:36:15 UTC] user_needs_onboarding error: SQLSTATE[42S22]: Column not found: 1054 Unknown column 'fitness_goal' in 'field list'
[07-May-2026 00:36:15 UTC] Error fetching current user: SQLSTATE[42S22]: Column not found: 1054 Unknown column 'p.first_name' in 'field list'
[07-May-2026 00:36:15 UTC] user_needs_onboarding error: SQLSTATE[42S22]: Column not found: 1054 Unknown column 'fitness_goal' in 'field list'
[07-May-2026 00:36:17 UTC] user_needs_onboarding error: SQLSTATE[42S22]: Column not found: 1054 Unknown column 'fitness_goal' in 'field list'
[07-May-2026 00:36:17 UTC] Error fetching current user: SQLSTATE[42S22]: Column not found: 1054 Unknown column 'p.first_name' in 'field list'
[07-May-2026 00:36:17 UTC] user_needs_onboarding error: SQLSTATE[42S22]: Column not found: 1054 Unknown column 'fitness_goal' in 'field list'
[07-May-2026 00:36:22 UTC] Error fetching current user: SQLSTATE[42S22]: Column not found: 1054 Unknown column 'p.first_name' in 'field list'
[07-May-2026 00:36:22 UTC] user_needs_onboarding error: SQLSTATE[42S22]: Column not found: 1054 Unknown column 'fitness_goal' in 'field list'
[07-May-2026 00:36:26 UTC] user_needs_onboarding error: SQLSTATE[42S22]: Column not found: 1054 Unknown column 'fitness_goal' in 'field list'
[07-May-2026 00:36:26 UTC] Error fetching current user: SQLSTATE[42S22]: Column not found: 1054 Unknown column 'p.first_name' in 'field list'
[07-May-2026 00:36:26 UTC] user_needs_onboarding error: SQLSTATE[42S22]: Column not found: 1054 Unknown column 'fitness_goal' in 'field list'
[07-May-2026 00:36:27 UTC] Error fetching current user: SQLSTATE[42S22]: Column not found: 1054 Unknown column 'p.first_name' in 'field list'
[07-May-2026 00:36:27 UTC] user_needs_onboarding error: SQLSTATE[42S22]: Column not found: 1054 Unknown column 'fitness_goal' in 'field list'
[07-May-2026 00:36:29 UTC] user_needs_onboarding error: SQLSTATE[42S22]: Column not found: 1054 Unknown column 'fitness_goal' in 'field list'
[07-May-2026 00:36:29 UTC] Error fetching current user: SQLSTATE[42S22]: Column not found: 1054 Unknown column 'p.first_name' in 'field list'
[07-May-2026 00:36:29 UTC] user_needs_onboarding error: SQLSTATE[42S22]: Column not found: 1054 Unknown column 'fitness_goal' in 'field list'
[07-May-2026 00:36:30 UTC] Error fetching current user: SQLSTATE[42S22]: Column not found: 1054 Unknown column 'p.first_name' in 'field list'
[07-May-2026 00:36:30 UTC] user_needs_onboarding error: SQLSTATE[42S22]: Column not found: 1054 Unknown column 'fitness_goal' in 'field list'
[07-May-2026 00:36:37 UTC] user_needs_onboarding error: SQLSTATE[42S22]: Column not found: 1054 Unknown column 'fitness_goal' in 'field list'
[07-May-2026 00:36:37 UTC] Ensure today plan error: SQLSTATE[42S22]: Column not found: 1054 Unknown column 'recommendation_date' in 'where clause'
[07-May-2026 00:36:37 UTC] Dashboard ensure plan warning: Server error
[07-May-2026 00:36:37 UTC] Error fetching current user: SQLSTATE[42S22]: Column not found: 1054 Unknown column 'p.first_name' in 'field list'
[07-May-2026 00:36:37 UTC] user_needs_onboarding error: SQLSTATE[42S22]: Column not found: 1054 Unknown column 'fitness_goal' in 'field list'
[07-May-2026 01:46:20 UTC] Schema patch profile_picture: SQLSTATE[42S22]: Column not found: 1054 Unknown column 'last_name' in 'profiles'
[07-May-2026 01:46:20 UTC] Schema patch profile_picture: SQLSTATE[42S22]: Column not found: 1054 Unknown column 'last_name' in 'profiles'
[07-May-2026 01:46:24 UTC] Schema patch profile_picture: SQLSTATE[42S22]: Column not found: 1054 Unknown column 'last_name' in 'profiles'
[07-May-2026 01:47:12 UTC] Schema patch profile_picture: SQLSTATE[42S22]: Column not found: 1054 Unknown column 'last_name' in 'profiles'
[07-May-2026 01:47:12 UTC] Schema patch profile_picture: SQLSTATE[42S22]: Column not found: 1054 Unknown column 'last_name' in 'profiles'
[07-May-2026 01:48:06 UTC] Schema patch profile_picture: SQLSTATE[42S22]: Column not found: 1054 Unknown column 'last_name' in 'profiles'
[07-May-2026 01:48:06 UTC] ensure_profile_row_exists: SQLSTATE[42S22]: Column not found: 1054 Unknown column 'id' in 'field list'
[07-May-2026 01:48:06 UTC] Onboarding step1 persist: SQLSTATE[42S22]: Column not found: 1054 Unknown column 'first_name' in 'field list'
[07-May-2026 01:48:06 UTC] Schema patch profile_picture: SQLSTATE[42S22]: Column not found: 1054 Unknown column 'last_name' in 'profiles'
[07-May-2026 01:48:18 UTC] Schema patch profile_picture: SQLSTATE[42S22]: Column not found: 1054 Unknown column 'last_name' in 'profiles'
[07-May-2026 01:48:18 UTC] ensure_preferences_row: SQLSTATE[42S22]: Column not found: 1054 Unknown column 'id' in 'field list'
[07-May-2026 01:48:18 UTC] ensure_profile_row_exists: SQLSTATE[42S22]: Column not found: 1054 Unknown column 'id' in 'field list'
[07-May-2026 01:48:18 UTC] Schema patch profile_picture: SQLSTATE[42S22]: Column not found: 1054 Unknown column 'last_name' in 'profiles'
[07-May-2026 01:48:25 UTC] Schema patch profile_picture: SQLSTATE[42S22]: Column not found: 1054 Unknown column 'last_name' in 'profiles'
[07-May-2026 01:48:25 UTC] ensure_profile_row_exists: SQLSTATE[42S22]: Column not found: 1054 Unknown column 'id' in 'field list'
[07-May-2026 01:48:25 UTC] Plan generation error: SQLSTATE[42S22]: Column not found: 1054 Unknown column 'recommendation_date' in 'where clause'
[07-May-2026 01:48:25 UTC] Schema patch profile_picture: SQLSTATE[42S22]: Column not found: 1054 Unknown column 'last_name' in 'profiles'
[07-May-2026 01:48:25 UTC] user_needs_onboarding error: SQLSTATE[42S22]: Column not found: 1054 Unknown column 'fitness_goal' in 'field list'
[07-May-2026 01:48:25 UTC] Ensure today plan error: SQLSTATE[42S22]: Column not found: 1054 Unknown column 'recommendation_date' in 'where clause'
[07-May-2026 01:48:25 UTC] Dashboard ensure plan warning: Server error
[07-May-2026 01:48:25 UTC] Error fetching current user: SQLSTATE[42S22]: Column not found: 1054 Unknown column 'p.first_name' in 'field list'
[07-May-2026 01:48:25 UTC] Schema patch profile_picture: SQLSTATE[42S22]: Column not found: 1054 Unknown column 'last_name' in 'profiles'
[07-May-2026 01:48:25 UTC] user_needs_onboarding error: SQLSTATE[42S22]: Column not found: 1054 Unknown column 'fitness_goal' in 'field list'
[07-May-2026 01:48:28 UTC] Schema patch profile_picture: SQLSTATE[42S22]: Column not found: 1054 Unknown column 'last_name' in 'profiles'
[07-May-2026 01:48:28 UTC] user_needs_onboarding error: SQLSTATE[42S22]: Column not found: 1054 Unknown column 'fitness_goal' in 'field list'
[07-May-2026 01:48:28 UTC] Error fetching current user: SQLSTATE[42S22]: Column not found: 1054 Unknown column 'p.first_name' in 'field list'
[07-May-2026 01:48:28 UTC] Schema patch profile_picture: SQLSTATE[42S22]: Column not found: 1054 Unknown column 'last_name' in 'profiles'
[07-May-2026 01:48:28 UTC] user_needs_onboarding error: SQLSTATE[42S22]: Column not found: 1054 Unknown column 'fitness_goal' in 'field list'
[07-May-2026 01:48:38 UTC] Schema patch profile_picture: SQLSTATE[42S22]: Column not found: 1054 Unknown column 'last_name' in 'profiles'
[07-May-2026 01:48:38 UTC] user_needs_onboarding error: SQLSTATE[42S22]: Column not found: 1054 Unknown column 'fitness_goal' in 'field list'
[07-May-2026 01:48:38 UTC] ensure_profile_row_exists: SQLSTATE[42S22]: Column not found: 1054 Unknown column 'id' in 'field list'
[07-May-2026 01:48:38 UTC] ensure_preferences_row: SQLSTATE[42S22]: Column not found: 1054 Unknown column 'id' in 'field list'
[07-May-2026 01:48:38 UTC] Settings save: SQLSTATE[42S22]: Column not found: 1054 Unknown column 'first_name' in 'field list'
[07-May-2026 01:48:38 UTC] Error fetching current user: SQLSTATE[42S22]: Column not found: 1054 Unknown column 'p.first_name' in 'field list'
[07-May-2026 01:48:39 UTC] Schema patch profile_picture: SQLSTATE[42S22]: Column not found: 1054 Unknown column 'last_name' in 'profiles'
[07-May-2026 01:48:39 UTC] user_needs_onboarding error: SQLSTATE[42S22]: Column not found: 1054 Unknown column 'fitness_goal' in 'field list'
[07-May-2026 02:00:10 UTC] Schema patch profile_picture: SQLSTATE[42S22]: Column not found: 1054 Unknown column 'last_name' in 'profiles'
[07-May-2026 02:00:10 UTC] user_needs_onboarding error: SQLSTATE[42S22]: Column not found: 1054 Unknown column 'fitness_goal' in 'field list'
[07-May-2026 02:00:10 UTC] ensure_profile_row_exists: SQLSTATE[42S22]: Column not found: 1054 Unknown column 'id' in 'field list'
[07-May-2026 02:00:10 UTC] ensure_preferences_row: SQLSTATE[42S22]: Column not found: 1054 Unknown column 'id' in 'field list'
[07-May-2026 02:00:10 UTC] Settings save: SQLSTATE[42S22]: Column not found: 1054 Unknown column 'first_name' in 'field list'
[07-May-2026 02:00:10 UTC] Error fetching current user: SQLSTATE[42S22]: Column not found: 1054 Unknown column 'p.first_name' in 'field list'
[07-May-2026 02:00:10 UTC] Schema patch profile_picture: SQLSTATE[42S22]: Column not found: 1054 Unknown column 'last_name' in 'profiles'
[07-May-2026 02:00:10 UTC] user_needs_onboarding error: SQLSTATE[42S22]: Column not found: 1054 Unknown column 'fitness_goal' in 'field list'
[07-May-2026 02:00:31 UTC] Schema patch profile_picture: SQLSTATE[42S22]: Column not found: 1054 Unknown column 'last_name' in 'profiles'
[07-May-2026 02:00:31 UTC] user_needs_onboarding error: SQLSTATE[42S22]: Column not found: 1054 Unknown column 'fitness_goal' in 'field list'
[07-May-2026 02:00:31 UTC] ensure_profile_row_exists: SQLSTATE[42S22]: Column not found: 1054 Unknown column 'id' in 'field list'
[07-May-2026 02:00:31 UTC] ensure_preferences_row: SQLSTATE[42S22]: Column not found: 1054 Unknown column 'id' in 'field list'
[07-May-2026 02:00:31 UTC] Settings save: SQLSTATE[42S22]: Column not found: 1054 Unknown column 'first_name' in 'field list'
[07-May-2026 02:00:31 UTC] Error fetching current user: SQLSTATE[42S22]: Column not found: 1054 Unknown column 'p.first_name' in 'field list'
[07-May-2026 02:00:31 UTC] Schema patch profile_picture: SQLSTATE[42S22]: Column not found: 1054 Unknown column 'last_name' in 'profiles'
[07-May-2026 02:00:31 UTC] user_needs_onboarding error: SQLSTATE[42S22]: Column not found: 1054 Unknown column 'fitness_goal' in 'field list'
[07-May-2026 02:01:26 UTC] Schema patch profile_picture: SQLSTATE[42S22]: Column not found: 1054 Unknown column 'last_name' in 'profiles'
[07-May-2026 02:01:26 UTC] Schema patch profile_picture: SQLSTATE[42S22]: Column not found: 1054 Unknown column 'last_name' in 'profiles'
[07-May-2026 02:02:04 UTC] Schema patch profile_picture: SQLSTATE[42S22]: Column not found: 1054 Unknown column 'last_name' in 'profiles'
[07-May-2026 02:07:21 UTC] ensure_preferences_row: SQLSTATE[42S22]: Column not found: 1054 Unknown column 'id' in 'field list'
[07-May-2026 02:07:21 UTC] Onboarding step2 persist: SQLSTATE[01000]: Warning: 1265 Data truncated for column 'diet_type' at row 1
[07-May-2026 02:07:26 UTC] Plan generation error: SQLSTATE[42S22]: Column not found: 1054 Unknown column 'recommendation_date' in 'where clause'
[07-May-2026 02:07:26 UTC] Ensure today plan error: SQLSTATE[42S22]: Column not found: 1054 Unknown column 'recommendation_date' in 'where clause'
[07-May-2026 02:07:26 UTC] Dashboard ensure plan warning: Server error
[07-May-2026 02:24:35 UTC] ensure_preferences_row: SQLSTATE[42S22]: Column not found: 1054 Unknown column 'id' in 'field list'
[07-May-2026 02:24:35 UTC] Settings save: SQLSTATE[42S22]: Column not found: 1054 Unknown column 'meal_reminders' in 'field list'
[07-May-2026 02:28:54 UTC] Ensure today plan error: SQLSTATE[42S22]: Column not found: 1054 Unknown column 'recommendation_date' in 'where clause'
[07-May-2026 02:28:54 UTC] Dashboard ensure plan warning: Server error
[07-May-2026 02:28:56 UTC] Nutrition recommendation fetch error: SQLSTATE[42S22]: Column not found: 1054 Unknown column 'recommendation_date' in 'where clause'
[07-May-2026 02:28:58 UTC] Workouts recommendation fetch error: SQLSTATE[42S22]: Column not found: 1054 Unknown column 'recommendation_date' in 'where clause'
[07-May-2026 02:29:13 UTC] Ensure today plan error: SQLSTATE[42S22]: Column not found: 1054 Unknown column 'recommendation_date' in 'where clause'
[07-May-2026 02:29:13 UTC] Dashboard ensure plan warning: Server error
[10-May-2026 09:00:13 UTC] Change password error: SQLSTATE[42S22]: Column not found: 1054 Unknown column 'updated_at' in 'field list'
[10-May-2026 09:00:52 UTC] Change password error: SQLSTATE[42S22]: Column not found: 1054 Unknown column 'updated_at' in 'field list'
[10-May-2026 16:56:48 UTC] Workout logging error: SQLSTATE[01000]: Warning: 1265 Data truncated for column 'intensity' at row 1
[10-May-2026 17:26:00 UTC] Workout logging error: SQLSTATE[01000]: Warning: 1265 Data truncated for column 'intensity' at row 1
[10-May-2026 17:26:01 UTC] Workout logging error: SQLSTATE[01000]: Warning: 1265 Data truncated for column 'intensity' at row 1
[10-May-2026 17:26:01 UTC] Workout logging error: SQLSTATE[01000]: Warning: 1265 Data truncated for column 'intensity' at row 1
[10-May-2026 17:26:01 UTC] Workout logging error: SQLSTATE[01000]: Warning: 1265 Data truncated for column 'intensity' at row 1
[11-May-2026 17:46:54 UTC] PHP Parse error:  syntax error, unexpected token "catch" in C:\laragon\www\SHFS\includes\schema_patches.php on line 77
[11-May-2026 17:47:03 UTC] PHP Parse error:  syntax error, unexpected token "catch" in C:\laragon\www\SHFS\includes\schema_patches.php on line 77
